{"D:\\Jbrain\\build\\build.js":{"path":"D:\\Jbrain\\build\\build.js","s":{"1":1,"2":1,"3":1,"4":15,"5":1,"6":14,"7":14,"8":12,"9":12,"10":1,"11":1,"12":1,"13":0,"14":1,"15":0,"16":0,"17":1,"18":0,"19":0,"20":0,"21":0,"22":0,"23":1,"24":0,"25":1,"26":1,"27":1,"28":1,"29":0,"30":0,"31":0,"32":0,"33":0,"34":0,"35":0,"36":0,"37":0,"38":0,"39":0,"40":0,"41":0,"42":0,"43":0,"44":0,"45":0,"46":0,"47":0,"48":0,"49":0,"50":0,"51":0,"52":0,"53":0,"54":0,"55":0,"56":0,"57":0,"58":0,"59":0,"60":0,"61":0,"62":0,"63":0,"64":0,"65":0,"66":0,"67":0,"68":0,"69":0,"70":0,"71":0,"72":0,"73":0,"74":0,"75":0,"76":0,"77":0,"78":0,"79":0,"80":0,"81":0,"82":0,"83":0,"84":0,"85":0,"86":0,"87":0,"88":0,"89":0,"90":0,"91":0,"92":0,"93":0,"94":0,"95":0,"96":0,"97":0,"98":0,"99":0,"100":0,"101":0,"102":0,"103":0,"104":0,"105":0,"106":0,"107":0,"108":0,"109":0,"110":0,"111":0,"112":0,"113":1,"114":1,"115":0,"116":1,"117":1,"118":0,"119":0,"120":0,"121":0,"122":0,"123":0,"124":0,"125":0,"126":0,"127":0,"128":0,"129":0,"130":0,"131":0,"132":0,"133":0,"134":0,"135":1,"136":0,"137":0,"138":0,"139":0,"140":0,"141":1,"142":1,"143":1,"144":6,"145":6,"146":6,"147":6,"148":6,"149":6,"150":1,"151":1,"152":1,"153":1,"154":0,"155":1,"156":1,"157":0,"158":0,"159":1,"160":1,"161":1,"162":1,"163":1,"164":1,"165":0,"166":0,"167":0,"168":0,"169":0,"170":0,"171":0,"172":0,"173":1,"174":0,"175":0,"176":0,"177":0,"178":0,"179":0,"180":0,"181":0,"182":0,"183":0,"184":0,"185":0,"186":0,"187":0,"188":0,"189":0,"190":0,"191":0,"192":0,"193":0,"194":0,"195":0,"196":0,"197":0,"198":0,"199":0,"200":0,"201":0,"202":0,"203":0,"204":0,"205":0,"206":0,"207":0,"208":0,"209":0,"210":0,"211":0,"212":0,"213":0,"214":0,"215":0,"216":0,"217":0,"218":0,"219":0,"220":0,"221":0,"222":0,"223":0,"224":0,"225":0,"226":0,"227":0,"228":0,"229":0,"230":0,"231":0,"232":0,"233":0,"234":0,"235":0,"236":0,"237":0,"238":1,"239":1,"240":1,"241":0,"242":0,"243":0,"244":0,"245":0,"246":1,"247":1,"248":1,"249":1,"250":1,"251":0,"252":0,"253":0,"254":0,"255":0,"256":0,"257":1,"258":1,"259":1,"260":1,"261":1,"262":1,"263":1,"264":1,"265":1,"266":0,"267":0,"268":0,"269":0,"270":0,"271":0,"272":0,"273":0,"274":0,"275":0,"276":0,"277":0,"278":1,"279":0,"280":0,"281":0,"282":0,"283":0,"284":0,"285":0,"286":0,"287":0,"288":1,"289":0,"290":0,"291":0,"292":0,"293":1,"294":0,"295":1,"296":0,"297":0,"298":0,"299":0,"300":0,"301":0,"302":0,"303":1,"304":1,"305":0,"306":0,"307":0,"308":0,"309":0,"310":0,"311":0,"312":0,"313":0,"314":0,"315":0,"316":0,"317":0,"318":0,"319":0,"320":0,"321":0,"322":0,"323":0,"324":0,"325":0,"326":0,"327":0,"328":0,"329":0,"330":0,"331":0,"332":0,"333":0,"334":1,"335":0,"336":0,"337":0,"338":0,"339":0,"340":0,"341":0,"342":0,"343":0,"344":0,"345":0,"346":0,"347":0,"348":0,"349":0,"350":0,"351":0,"352":0,"353":0,"354":0,"355":0,"356":0,"357":0,"358":0,"359":0,"360":0},"b":{"1":[1,14],"2":[0,0],"3":[0,0],"4":[0,0],"5":[0,0],"6":[0,0],"7":[0,0],"8":[0,0],"9":[0,0],"10":[0,0],"11":[0,0],"12":[0,0],"13":[0,0],"14":[0,0],"15":[0,0],"16":[0,0],"17":[0,0],"18":[0,0],"19":[0,0],"20":[0,0],"21":[0,0],"22":[0,0],"23":[0,0],"24":[0,0],"25":[0,0],"26":[6,6],"27":[6,0],"28":[1,0],"29":[0,1],"30":[0,0],"31":[0,0],"32":[0,0],"33":[0,0],"34":[0,0],"35":[0,0],"36":[0,0],"37":[0,0],"38":[0,0],"39":[0,0],"40":[0,0],"41":[0,0],"42":[0,0],"43":[0,0],"44":[0,0],"45":[0,0],"46":[0,0],"47":[0,0],"48":[0,0],"49":[0,0],"50":[0,0],"51":[0,0],"52":[0,0],"53":[0,0],"54":[0,0],"55":[0,0],"56":[0,0],"57":[0,0],"58":[0,0],"59":[0,0],"60":[0,0],"61":[0,0],"62":[0,0],"63":[0,0],"64":[0,0],"65":[0,0],"66":[0,0],"67":[0,0],"68":[0,0],"69":[0,0],"70":[0,0]},"f":{"1":1,"2":15,"3":0,"4":0,"5":0,"6":0,"7":0,"8":0,"9":1,"10":0,"11":0,"12":0,"13":0,"14":0,"15":0,"16":0,"17":0,"18":0,"19":0,"20":0,"21":0,"22":0,"23":1,"24":1,"25":1,"26":0,"27":0,"28":1,"29":1,"30":1,"31":0,"32":1,"33":0,"34":0,"35":0,"36":0,"37":0,"38":0,"39":0,"40":0,"41":0,"42":1,"43":1,"44":1,"45":0,"46":0,"47":1,"48":0,"49":1,"50":1,"51":1,"52":1,"53":1,"54":0,"55":0,"56":0,"57":0,"58":0,"59":1,"60":0,"61":1,"62":0},"fnMap":{"1":{"name":"(anonymous_1)","line":1,"loc":{"start":{"line":1,"column":10},"end":{"line":1,"column":28}}},"2":{"name":"__webpack_require__","line":6,"loc":{"start":{"line":6,"column":10},"end":{"line":6,"column":49}}},"3":{"name":"(anonymous_3)","line":37,"loc":{"start":{"line":37,"column":34},"end":{"line":37,"column":50}}},"4":{"name":"(anonymous_4)","line":40,"loc":{"start":{"line":40,"column":34},"end":{"line":40,"column":66}}},"5":{"name":"(anonymous_5)","line":51,"loc":{"start":{"line":51,"column":34},"end":{"line":51,"column":51}}},"6":{"name":"getDefault","line":53,"loc":{"start":{"line":53,"column":12},"end":{"line":53,"column":34}}},"7":{"name":"getModuleExports","line":54,"loc":{"start":{"line":54,"column":12},"end":{"line":54,"column":40}}},"8":{"name":"(anonymous_8)","line":60,"loc":{"start":{"line":60,"column":34},"end":{"line":60,"column":61}}},"9":{"name":"(anonymous_9)","line":71,"loc":{"start":{"line":71,"column":7},"end":{"line":71,"column":54}}},"10":{"name":"(anonymous_10)","line":83,"loc":{"start":{"line":83,"column":12},"end":{"line":83,"column":35}}},"11":{"name":"(anonymous_11)","line":94,"loc":{"start":{"line":94,"column":13},"end":{"line":94,"column":19}}},"12":{"name":"(anonymous_12)","line":99,"loc":{"start":{"line":99,"column":14},"end":{"line":99,"column":22}}},"13":{"name":"(anonymous_13)","line":113,"loc":{"start":{"line":113,"column":11},"end":{"line":113,"column":20}}},"14":{"name":"(anonymous_14)","line":134,"loc":{"start":{"line":134,"column":15},"end":{"line":134,"column":27}}},"15":{"name":"(anonymous_15)","line":147,"loc":{"start":{"line":147,"column":12},"end":{"line":147,"column":49}}},"16":{"name":"(anonymous_16)","line":199,"loc":{"start":{"line":199,"column":9},"end":{"line":199,"column":12}}},"17":{"name":"(anonymous_17)","line":203,"loc":{"start":{"line":203,"column":11},"end":{"line":203,"column":17}}},"18":{"name":"(anonymous_18)","line":215,"loc":{"start":{"line":215,"column":10},"end":{"line":215,"column":18}}},"19":{"name":"(anonymous_19)","line":225,"loc":{"start":{"line":225,"column":8},"end":{"line":225,"column":42}}},"20":{"name":"(anonymous_20)","line":240,"loc":{"start":{"line":240,"column":8},"end":{"line":240,"column":20}}},"21":{"name":"(anonymous_21)","line":255,"loc":{"start":{"line":255,"column":7},"end":{"line":255,"column":19}}},"22":{"name":"(anonymous_22)","line":265,"loc":{"start":{"line":265,"column":10},"end":{"line":265,"column":13}}},"23":{"name":"(anonymous_23)","line":282,"loc":{"start":{"line":282,"column":7},"end":{"line":282,"column":54}}},"24":{"name":"(anonymous_24)","line":307,"loc":{"start":{"line":307,"column":7},"end":{"line":307,"column":54}}},"25":{"name":"(anonymous_25)","line":312,"loc":{"start":{"line":312,"column":21},"end":{"line":312,"column":33}}},"26":{"name":"sliceIterator","line":312,"loc":{"start":{"line":312,"column":35},"end":{"line":312,"column":66}}},"27":{"name":"(anonymous_27)","line":312,"loc":{"start":{"line":312,"column":436},"end":{"line":312,"column":454}}},"28":{"name":"(anonymous_28)","line":314,"loc":{"start":{"line":314,"column":19},"end":{"line":314,"column":31}}},"29":{"name":"defineProperties","line":314,"loc":{"start":{"line":314,"column":33},"end":{"line":314,"column":74}}},"30":{"name":"(anonymous_30)","line":314,"loc":{"start":{"line":314,"column":357},"end":{"line":314,"column":405}}},"31":{"name":"_classCallCheck","line":316,"loc":{"start":{"line":316,"column":0},"end":{"line":316,"column":48}}},"32":{"name":"(anonymous_32)","line":353,"loc":{"start":{"line":353,"column":14},"end":{"line":353,"column":26}}},"33":{"name":"Network","line":354,"loc":{"start":{"line":354,"column":1},"end":{"line":354,"column":30}}},"34":{"name":"fit","line":373,"loc":{"start":{"line":373,"column":9},"end":{"line":373,"column":28}}},"35":{"name":"feed_forward","line":400,"loc":{"start":{"line":400,"column":9},"end":{"line":400,"column":38}}},"36":{"name":"SGD","line":423,"loc":{"start":{"line":423,"column":9},"end":{"line":423,"column":47}}},"37":{"name":"backprop","line":467,"loc":{"start":{"line":467,"column":9},"end":{"line":467,"column":33}}},"38":{"name":"(anonymous_38)","line":487,"loc":{"start":{"line":487,"column":41},"end":{"line":487,"column":54}}},"39":{"name":"(anonymous_39)","line":497,"loc":{"start":{"line":497,"column":30},"end":{"line":497,"column":43}}},"40":{"name":"predict","line":519,"loc":{"start":{"line":519,"column":9},"end":{"line":519,"column":41}}},"41":{"name":"evaluate","line":525,"loc":{"start":{"line":525,"column":9},"end":{"line":525,"column":52}}},"42":{"name":"(anonymous_42)","line":537,"loc":{"start":{"line":537,"column":7},"end":{"line":537,"column":54}}},"43":{"name":"(anonymous_43)","line":554,"loc":{"start":{"line":554,"column":7},"end":{"line":554,"column":54}}},"44":{"name":"(anonymous_44)","line":571,"loc":{"start":{"line":571,"column":7},"end":{"line":571,"column":54}}},"45":{"name":"sigmoid","line":576,"loc":{"start":{"line":576,"column":0},"end":{"line":576,"column":20}}},"46":{"name":"(anonymous_46)","line":581,"loc":{"start":{"line":581,"column":12},"end":{"line":581,"column":25}}},"47":{"name":"(anonymous_47)","line":593,"loc":{"start":{"line":593,"column":7},"end":{"line":593,"column":54}}},"48":{"name":"(anonymous_48)","line":598,"loc":{"start":{"line":598,"column":17},"end":{"line":598,"column":29}}},"49":{"name":"(anonymous_49)","line":604,"loc":{"start":{"line":604,"column":7},"end":{"line":604,"column":54}}},"50":{"name":"(anonymous_50)","line":623,"loc":{"start":{"line":623,"column":7},"end":{"line":623,"column":54}}},"51":{"name":"(anonymous_51)","line":630,"loc":{"start":{"line":630,"column":7},"end":{"line":630,"column":54}}},"52":{"name":"(anonymous_52)","line":637,"loc":{"start":{"line":637,"column":7},"end":{"line":637,"column":54}}},"53":{"name":"(anonymous_53)","line":644,"loc":{"start":{"line":644,"column":7},"end":{"line":644,"column":54}}},"54":{"name":"lyr","line":658,"loc":{"start":{"line":658,"column":0},"end":{"line":658,"column":35}}},"55":{"name":"weighted_input","line":682,"loc":{"start":{"line":682,"column":0},"end":{"line":682,"column":33}}},"56":{"name":"cost_grad","line":696,"loc":{"start":{"line":696,"column":0},"end":{"line":696,"column":25}}},"57":{"name":"sigma_dash","line":706,"loc":{"start":{"line":706,"column":0},"end":{"line":706,"column":23}}},"58":{"name":"shuffle","line":710,"loc":{"start":{"line":710,"column":0},"end":{"line":710,"column":49}}},"59":{"name":"(anonymous_59)","line":735,"loc":{"start":{"line":735,"column":7},"end":{"line":735,"column":33}}},"60":{"name":"product","line":745,"loc":{"start":{"line":745,"column":17},"end":{"line":745,"column":46}}},"61":{"name":"(anonymous_61)","line":813,"loc":{"start":{"line":813,"column":7},"end":{"line":813,"column":33}}},"62":{"name":"sum","line":815,"loc":{"start":{"line":815,"column":17},"end":{"line":815,"column":42}}}},"statementMap":{"1":{"start":{"line":1,"column":9},"end":{"line":865,"column":12}},"2":{"start":{"line":3,"column":10},"end":{"line":3,"column":36}},"3":{"start":{"line":6,"column":10},"end":{"line":27,"column":11}},"4":{"start":{"line":9,"column":11},"end":{"line":11,"column":12}},"5":{"start":{"line":10,"column":12},"end":{"line":10,"column":54}},"6":{"start":{"line":13,"column":11},"end":{"line":17,"column":13}},"7":{"start":{"line":20,"column":11},"end":{"line":20,"column":95}},"8":{"start":{"line":23,"column":11},"end":{"line":23,"column":27}},"9":{"start":{"line":26,"column":11},"end":{"line":26,"column":33}},"10":{"start":{"line":31,"column":10},"end":{"line":31,"column":42}},"11":{"start":{"line":34,"column":10},"end":{"line":34,"column":51}},"12":{"start":{"line":37,"column":10},"end":{"line":37,"column":68}},"13":{"start":{"line":37,"column":52},"end":{"line":37,"column":65}},"14":{"start":{"line":40,"column":10},"end":{"line":48,"column":12}},"15":{"start":{"line":41,"column":11},"end":{"line":47,"column":12}},"16":{"start":{"line":42,"column":12},"end":{"line":46,"column":15}},"17":{"start":{"line":51,"column":10},"end":{"line":57,"column":12}},"18":{"start":{"line":52,"column":11},"end":{"line":54,"column":59}},"19":{"start":{"line":53,"column":36},"end":{"line":53,"column":61}},"20":{"start":{"line":54,"column":42},"end":{"line":54,"column":56}},"21":{"start":{"line":55,"column":11},"end":{"line":55,"column":54}},"22":{"start":{"line":56,"column":11},"end":{"line":56,"column":25}},"23":{"start":{"line":60,"column":10},"end":{"line":60,"column":128}},"24":{"start":{"line":60,"column":63},"end":{"line":60,"column":125}},"25":{"start":{"line":63,"column":10},"end":{"line":63,"column":37}},"26":{"start":{"line":66,"column":10},"end":{"line":66,"column":64}},"27":{"start":{"line":78,"column":0},"end":{"line":78,"column":36}},"28":{"start":{"line":79,"column":0},"end":{"line":79,"column":40}},"29":{"start":{"line":84,"column":2},"end":{"line":84,"column":19}},"30":{"start":{"line":85,"column":2},"end":{"line":85,"column":76}},"31":{"start":{"line":86,"column":2},"end":{"line":86,"column":41}},"32":{"start":{"line":87,"column":2},"end":{"line":87,"column":29}},"33":{"start":{"line":88,"column":2},"end":{"line":88,"column":17}},"34":{"start":{"line":89,"column":2},"end":{"line":89,"column":40}},"35":{"start":{"line":95,"column":2},"end":{"line":95,"column":29}},"36":{"start":{"line":100,"column":2},"end":{"line":100,"column":67}},"37":{"start":{"line":101,"column":2},"end":{"line":101,"column":45}},"38":{"start":{"line":102,"column":2},"end":{"line":108,"column":3}},"39":{"start":{"line":103,"column":3},"end":{"line":103,"column":12}},"40":{"start":{"line":104,"column":3},"end":{"line":106,"column":4}},"41":{"start":{"line":105,"column":4},"end":{"line":105,"column":23}},"42":{"start":{"line":107,"column":3},"end":{"line":107,"column":18}},"43":{"start":{"line":109,"column":2},"end":{"line":109,"column":32}},"44":{"start":{"line":114,"column":2},"end":{"line":125,"column":3}},"45":{"start":{"line":115,"column":3},"end":{"line":115,"column":16}},"46":{"start":{"line":116,"column":3},"end":{"line":118,"column":4}},"47":{"start":{"line":117,"column":4},"end":{"line":117,"column":37}},"48":{"start":{"line":119,"column":3},"end":{"line":119,"column":32}},"49":{"start":{"line":120,"column":3},"end":{"line":120,"column":28}},"50":{"start":{"line":121,"column":3},"end":{"line":121,"column":12}},"51":{"start":{"line":124,"column":3},"end":{"line":124,"column":36}},"52":{"start":{"line":135,"column":2},"end":{"line":142,"column":3}},"53":{"start":{"line":136,"column":3},"end":{"line":141,"column":4}},"54":{"start":{"line":137,"column":4},"end":{"line":137,"column":26}},"55":{"start":{"line":140,"column":4},"end":{"line":140,"column":17}},"56":{"start":{"line":148,"column":2},"end":{"line":148,"column":17}},"57":{"start":{"line":149,"column":2},"end":{"line":149,"column":8}},"58":{"start":{"line":150,"column":2},"end":{"line":188,"column":3}},"59":{"start":{"line":151,"column":3},"end":{"line":153,"column":4}},"60":{"start":{"line":152,"column":4},"end":{"line":152,"column":27}},"61":{"start":{"line":156,"column":3},"end":{"line":187,"column":4}},"62":{"start":{"line":157,"column":4},"end":{"line":175,"column":5}},"63":{"start":{"line":158,"column":5},"end":{"line":160,"column":6}},"64":{"start":{"line":159,"column":6},"end":{"line":159,"column":23}},"65":{"start":{"line":162,"column":9},"end":{"line":175,"column":5}},"66":{"start":{"line":163,"column":5},"end":{"line":163,"column":15}},"67":{"start":{"line":164,"column":5},"end":{"line":169,"column":6}},"68":{"start":{"line":165,"column":6},"end":{"line":165,"column":28}},"69":{"start":{"line":166,"column":6},"end":{"line":168,"column":7}},"70":{"start":{"line":167,"column":7},"end":{"line":167,"column":13}},"71":{"start":{"line":172,"column":5},"end":{"line":174,"column":6}},"72":{"start":{"line":173,"column":6},"end":{"line":173,"column":23}},"73":{"start":{"line":178,"column":4},"end":{"line":180,"column":15}},"74":{"start":{"line":181,"column":4},"end":{"line":186,"column":5}},"75":{"start":{"line":182,"column":5},"end":{"line":182,"column":20}},"76":{"start":{"line":183,"column":5},"end":{"line":185,"column":6}},"77":{"start":{"line":184,"column":6},"end":{"line":184,"column":16}},"78":{"start":{"line":189,"column":2},"end":{"line":189,"column":13}},"79":{"start":{"line":200,"column":2},"end":{"line":200,"column":27}},"80":{"start":{"line":204,"column":2},"end":{"line":204,"column":19}},"81":{"start":{"line":205,"column":2},"end":{"line":205,"column":25}},"82":{"start":{"line":206,"column":2},"end":{"line":206,"column":17}},"83":{"start":{"line":207,"column":2},"end":{"line":210,"column":3}},"84":{"start":{"line":208,"column":3},"end":{"line":208,"column":24}},"85":{"start":{"line":209,"column":3},"end":{"line":209,"column":12}},"86":{"start":{"line":211,"column":2},"end":{"line":211,"column":15}},"87":{"start":{"line":216,"column":2},"end":{"line":216,"column":15}},"88":{"start":{"line":217,"column":2},"end":{"line":219,"column":3}},"89":{"start":{"line":218,"column":3},"end":{"line":218,"column":13}},"90":{"start":{"line":220,"column":2},"end":{"line":220,"column":14}},"91":{"start":{"line":226,"column":2},"end":{"line":226,"column":23}},"92":{"start":{"line":227,"column":2},"end":{"line":228,"column":12}},"93":{"start":{"line":229,"column":2},"end":{"line":233,"column":3}},"94":{"start":{"line":230,"column":3},"end":{"line":230,"column":67}},"95":{"start":{"line":231,"column":3},"end":{"line":231,"column":23}},"96":{"start":{"line":232,"column":3},"end":{"line":232,"column":24}},"97":{"start":{"line":234,"column":2},"end":{"line":234,"column":24}},"98":{"start":{"line":235,"column":2},"end":{"line":235,"column":17}},"99":{"start":{"line":236,"column":2},"end":{"line":236,"column":40}},"100":{"start":{"line":241,"column":2},"end":{"line":251,"column":3}},"101":{"start":{"line":243,"column":3},"end":{"line":243,"column":30}},"102":{"start":{"line":244,"column":3},"end":{"line":244,"column":26}},"103":{"start":{"line":245,"column":3},"end":{"line":245,"column":30}},"104":{"start":{"line":246,"column":3},"end":{"line":246,"column":18}},"105":{"start":{"line":247,"column":3},"end":{"line":247,"column":36}},"106":{"start":{"line":250,"column":3},"end":{"line":250,"column":62}},"107":{"start":{"line":256,"column":2},"end":{"line":256,"column":29}},"108":{"start":{"line":257,"column":2},"end":{"line":257,"column":25}},"109":{"start":{"line":258,"column":2},"end":{"line":258,"column":40}},"110":{"start":{"line":259,"column":2},"end":{"line":259,"column":29}},"111":{"start":{"line":260,"column":2},"end":{"line":260,"column":17}},"112":{"start":{"line":261,"column":2},"end":{"line":261,"column":35}},"113":{"start":{"line":273,"column":0},"end":{"line":277,"column":2}},"114":{"start":{"line":292,"column":0},"end":{"line":292,"column":33}},"115":{"start":{"line":298,"column":0},"end":{"line":303,"column":2}},"116":{"start":{"line":312,"column":0},"end":{"line":312,"column":664}},"117":{"start":{"line":312,"column":35},"end":{"line":312,"column":428}},"118":{"start":{"line":312,"column":68},"end":{"line":312,"column":82}},"119":{"start":{"line":312,"column":83},"end":{"line":312,"column":97}},"120":{"start":{"line":312,"column":98},"end":{"line":312,"column":113}},"121":{"start":{"line":312,"column":114},"end":{"line":312,"column":133}},"122":{"start":{"line":312,"column":134},"end":{"line":312,"column":413}},"123":{"start":{"line":312,"column":140},"end":{"line":312,"column":283}},"124":{"start":{"line":312,"column":226},"end":{"line":312,"column":246}},"125":{"start":{"line":312,"column":247},"end":{"line":312,"column":281}},"126":{"start":{"line":312,"column":275},"end":{"line":312,"column":281}},"127":{"start":{"line":312,"column":300},"end":{"line":312,"column":310}},"128":{"start":{"line":312,"column":311},"end":{"line":312,"column":320}},"129":{"start":{"line":312,"column":333},"end":{"line":312,"column":411}},"130":{"start":{"line":312,"column":339},"end":{"line":312,"column":379}},"131":{"start":{"line":312,"column":364},"end":{"line":312,"column":379}},"132":{"start":{"line":312,"column":392},"end":{"line":312,"column":409}},"133":{"start":{"line":312,"column":400},"end":{"line":312,"column":409}},"134":{"start":{"line":312,"column":414},"end":{"line":312,"column":426}},"135":{"start":{"line":312,"column":429},"end":{"line":312,"column":659}},"136":{"start":{"line":312,"column":456},"end":{"line":312,"column":656}},"137":{"start":{"line":312,"column":482},"end":{"line":312,"column":493}},"138":{"start":{"line":312,"column":501},"end":{"line":312,"column":656}},"139":{"start":{"line":312,"column":539},"end":{"line":312,"column":568}},"140":{"start":{"line":312,"column":578},"end":{"line":312,"column":654}},"141":{"start":{"line":314,"column":0},"end":{"line":314,"column":564}},"142":{"start":{"line":314,"column":33},"end":{"line":314,"column":349}},"143":{"start":{"line":314,"column":76},"end":{"line":314,"column":347}},"144":{"start":{"line":314,"column":117},"end":{"line":314,"column":143}},"145":{"start":{"line":314,"column":144},"end":{"line":314,"column":199}},"146":{"start":{"line":314,"column":200},"end":{"line":314,"column":231}},"147":{"start":{"line":314,"column":232},"end":{"line":314,"column":286}},"148":{"start":{"line":314,"column":259},"end":{"line":314,"column":286}},"149":{"start":{"line":314,"column":287},"end":{"line":314,"column":345}},"150":{"start":{"line":314,"column":350},"end":{"line":314,"column":559}},"151":{"start":{"line":314,"column":407},"end":{"line":314,"column":475}},"152":{"start":{"line":314,"column":423},"end":{"line":314,"column":475}},"153":{"start":{"line":314,"column":476},"end":{"line":314,"column":536}},"154":{"start":{"line":314,"column":493},"end":{"line":314,"column":536}},"155":{"start":{"line":314,"column":537},"end":{"line":314,"column":556}},"156":{"start":{"line":316,"column":0},"end":{"line":316,"column":153}},"157":{"start":{"line":316,"column":50},"end":{"line":316,"column":151}},"158":{"start":{"line":316,"column":92},"end":{"line":316,"column":149}},"159":{"start":{"line":331,"column":0},"end":{"line":337,"column":31}},"160":{"start":{"line":339,"column":0},"end":{"line":339,"column":34}},"161":{"start":{"line":340,"column":0},"end":{"line":340,"column":35}},"162":{"start":{"line":342,"column":0},"end":{"line":345,"column":32}},"163":{"start":{"line":353,"column":0},"end":{"line":531,"column":4}},"164":{"start":{"line":354,"column":1},"end":{"line":367,"column":2}},"165":{"start":{"line":355,"column":2},"end":{"line":355,"column":33}},"166":{"start":{"line":357,"column":2},"end":{"line":357,"column":31}},"167":{"start":{"line":358,"column":2},"end":{"line":358,"column":38}},"168":{"start":{"line":359,"column":2},"end":{"line":359,"column":20}},"169":{"start":{"line":360,"column":2},"end":{"line":360,"column":19}},"170":{"start":{"line":363,"column":2},"end":{"line":366,"column":3}},"171":{"start":{"line":364,"column":3},"end":{"line":364,"column":70}},"172":{"start":{"line":365,"column":3},"end":{"line":365,"column":45}},"173":{"start":{"line":371,"column":1},"end":{"line":528,"column":5}},"174":{"start":{"line":374,"column":3},"end":{"line":385,"column":78}},"175":{"start":{"line":387,"column":3},"end":{"line":387,"column":31}},"176":{"start":{"line":388,"column":3},"end":{"line":388,"column":30}},"177":{"start":{"line":389,"column":3},"end":{"line":389,"column":28}},"178":{"start":{"line":390,"column":3},"end":{"line":390,"column":26}},"179":{"start":{"line":392,"column":3},"end":{"line":392,"column":37}},"180":{"start":{"line":401,"column":3},"end":{"line":401,"column":100}},"181":{"start":{"line":403,"column":3},"end":{"line":403,"column":23}},"182":{"start":{"line":404,"column":3},"end":{"line":404,"column":14}},"183":{"start":{"line":405,"column":3},"end":{"line":405,"column":26}},"184":{"start":{"line":406,"column":3},"end":{"line":411,"column":4}},"185":{"start":{"line":407,"column":4},"end":{"line":407,"column":99}},"186":{"start":{"line":408,"column":4},"end":{"line":408,"column":29}},"187":{"start":{"line":409,"column":4},"end":{"line":409,"column":28}},"188":{"start":{"line":410,"column":4},"end":{"line":410,"column":14}},"189":{"start":{"line":413,"column":3},"end":{"line":413,"column":26}},"190":{"start":{"line":424,"column":3},"end":{"line":424,"column":28}},"191":{"start":{"line":425,"column":3},"end":{"line":428,"column":24}},"192":{"start":{"line":429,"column":3},"end":{"line":458,"column":4}},"193":{"start":{"line":430,"column":4},"end":{"line":430,"column":55}},"194":{"start":{"line":432,"column":4},"end":{"line":432,"column":48}},"195":{"start":{"line":434,"column":4},"end":{"line":434,"column":21}},"196":{"start":{"line":435,"column":4},"end":{"line":435,"column":21}},"197":{"start":{"line":437,"column":4},"end":{"line":456,"column":5}},"198":{"start":{"line":439,"column":5},"end":{"line":439,"column":47}},"199":{"start":{"line":441,"column":5},"end":{"line":441,"column":51}},"200":{"start":{"line":443,"column":5},"end":{"line":443,"column":29}},"201":{"start":{"line":444,"column":5},"end":{"line":444,"column":29}},"202":{"start":{"line":445,"column":5},"end":{"line":448,"column":6}},"203":{"start":{"line":446,"column":6},"end":{"line":446,"column":67}},"204":{"start":{"line":447,"column":6},"end":{"line":447,"column":67}},"205":{"start":{"line":452,"column":5},"end":{"line":455,"column":6}},"206":{"start":{"line":453,"column":6},"end":{"line":453,"column":91}},"207":{"start":{"line":454,"column":6},"end":{"line":454,"column":89}},"208":{"start":{"line":457,"column":4},"end":{"line":457,"column":12}},"209":{"start":{"line":468,"column":3},"end":{"line":469,"column":15}},"210":{"start":{"line":470,"column":3},"end":{"line":473,"column":4}},"211":{"start":{"line":471,"column":4},"end":{"line":471,"column":54}},"212":{"start":{"line":472,"column":4},"end":{"line":472,"column":53}},"213":{"start":{"line":475,"column":3},"end":{"line":477,"column":18}},"214":{"start":{"line":479,"column":3},"end":{"line":479,"column":59}},"215":{"start":{"line":481,"column":3},"end":{"line":481,"column":57}},"216":{"start":{"line":483,"column":3},"end":{"line":483,"column":25}},"217":{"start":{"line":484,"column":3},"end":{"line":484,"column":25}},"218":{"start":{"line":486,"column":3},"end":{"line":486,"column":53}},"219":{"start":{"line":487,"column":3},"end":{"line":489,"column":6}},"220":{"start":{"line":488,"column":4},"end":{"line":488,"column":25}},"221":{"start":{"line":491,"column":3},"end":{"line":491,"column":54}},"222":{"start":{"line":494,"column":3},"end":{"line":501,"column":4}},"223":{"start":{"line":495,"column":4},"end":{"line":495,"column":62}},"224":{"start":{"line":496,"column":4},"end":{"line":496,"column":60}},"225":{"start":{"line":497,"column":4},"end":{"line":499,"column":7}},"226":{"start":{"line":498,"column":5},"end":{"line":498,"column":26}},"227":{"start":{"line":500,"column":4},"end":{"line":500,"column":45}},"228":{"start":{"line":503,"column":3},"end":{"line":513,"column":4}},"229":{"start":{"line":507,"column":4},"end":{"line":508,"column":18}},"230":{"start":{"line":509,"column":4},"end":{"line":509,"column":61}},"231":{"start":{"line":510,"column":4},"end":{"line":510,"column":41}},"232":{"start":{"line":511,"column":4},"end":{"line":511,"column":30}},"233":{"start":{"line":512,"column":4},"end":{"line":512,"column":30}},"234":{"start":{"line":515,"column":3},"end":{"line":515,"column":19}},"235":{"start":{"line":520,"column":3},"end":{"line":520,"column":46}},"236":{"start":{"line":521,"column":3},"end":{"line":521,"column":30}},"237":{"start":{"line":526,"column":3},"end":{"line":526,"column":45}},"238":{"start":{"line":530,"column":1},"end":{"line":530,"column":16}},"239":{"start":{"line":533,"column":0},"end":{"line":533,"column":25}},"240":{"start":{"line":542,"column":0},"end":{"line":542,"column":36}},"241":{"start":{"line":544,"column":0},"end":{"line":544,"column":40}},"242":{"start":{"line":545,"column":0},"end":{"line":545,"column":17}},"243":{"start":{"line":547,"column":0},"end":{"line":547,"column":45}},"244":{"start":{"line":548,"column":0},"end":{"line":548,"column":16}},"245":{"start":{"line":550,"column":0},"end":{"line":550,"column":44}},"246":{"start":{"line":559,"column":0},"end":{"line":559,"column":37}},"247":{"start":{"line":560,"column":0},"end":{"line":560,"column":37}},"248":{"start":{"line":562,"column":0},"end":{"line":565,"column":2}},"249":{"start":{"line":567,"column":0},"end":{"line":567,"column":23}},"250":{"start":{"line":576,"column":0},"end":{"line":587,"column":1}},"251":{"start":{"line":577,"column":1},"end":{"line":586,"column":2}},"252":{"start":{"line":578,"column":2},"end":{"line":578,"column":30}},"253":{"start":{"line":580,"column":2},"end":{"line":580,"column":15}},"254":{"start":{"line":581,"column":2},"end":{"line":583,"column":5}},"255":{"start":{"line":582,"column":3},"end":{"line":582,"column":36}},"256":{"start":{"line":585,"column":2},"end":{"line":585,"column":13}},"257":{"start":{"line":589,"column":0},"end":{"line":589,"column":25}},"258":{"start":{"line":598,"column":0},"end":{"line":600,"column":2}},"259":{"start":{"line":609,"column":0},"end":{"line":609,"column":40}},"260":{"start":{"line":610,"column":0},"end":{"line":610,"column":43}},"261":{"start":{"line":611,"column":0},"end":{"line":611,"column":38}},"262":{"start":{"line":613,"column":0},"end":{"line":617,"column":2}},"263":{"start":{"line":619,"column":0},"end":{"line":619,"column":22}},"264":{"start":{"line":649,"column":0},"end":{"line":652,"column":31}},"265":{"start":{"line":658,"column":0},"end":{"line":678,"column":1}},"266":{"start":{"line":659,"column":4},"end":{"line":659,"column":91}},"267":{"start":{"line":661,"column":4},"end":{"line":661,"column":19}},"268":{"start":{"line":662,"column":4},"end":{"line":676,"column":5}},"269":{"start":{"line":663,"column":8},"end":{"line":668,"column":9}},"270":{"start":{"line":664,"column":12},"end":{"line":664,"column":43}},"271":{"start":{"line":665,"column":12},"end":{"line":665,"column":48}},"272":{"start":{"line":667,"column":12},"end":{"line":667,"column":46}},"273":{"start":{"line":670,"column":8},"end":{"line":675,"column":9}},"274":{"start":{"line":671,"column":12},"end":{"line":671,"column":51}},"275":{"start":{"line":672,"column":12},"end":{"line":672,"column":24}},"276":{"start":{"line":674,"column":12},"end":{"line":674,"column":54}},"277":{"start":{"line":677,"column":4},"end":{"line":677,"column":13}},"278":{"start":{"line":682,"column":0},"end":{"line":692,"column":1}},"279":{"start":{"line":683,"column":4},"end":{"line":683,"column":22}},"280":{"start":{"line":684,"column":4},"end":{"line":684,"column":27}},"281":{"start":{"line":685,"column":4},"end":{"line":685,"column":17}},"282":{"start":{"line":686,"column":4},"end":{"line":686,"column":27}},"283":{"start":{"line":687,"column":4},"end":{"line":687,"column":20}},"284":{"start":{"line":688,"column":4},"end":{"line":688,"column":25}},"285":{"start":{"line":689,"column":4},"end":{"line":689,"column":21}},"286":{"start":{"line":690,"column":4},"end":{"line":690,"column":30}},"287":{"start":{"line":691,"column":4},"end":{"line":691,"column":13}},"288":{"start":{"line":696,"column":0},"end":{"line":702,"column":1}},"289":{"start":{"line":697,"column":4},"end":{"line":699,"column":5}},"290":{"start":{"line":698,"column":8},"end":{"line":698,"column":21}},"291":{"start":{"line":700,"column":4},"end":{"line":700,"column":26}},"292":{"start":{"line":701,"column":4},"end":{"line":701,"column":17}},"293":{"start":{"line":706,"column":0},"end":{"line":708,"column":1}},"294":{"start":{"line":707,"column":4},"end":{"line":707,"column":59}},"295":{"start":{"line":710,"column":0},"end":{"line":720,"column":1}},"296":{"start":{"line":711,"column":4},"end":{"line":712,"column":15}},"297":{"start":{"line":713,"column":4},"end":{"line":713,"column":19}},"298":{"start":{"line":714,"column":4},"end":{"line":718,"column":5}},"299":{"start":{"line":715,"column":8},"end":{"line":715,"column":53}},"300":{"start":{"line":716,"column":8},"end":{"line":716,"column":29}},"301":{"start":{"line":717,"column":8},"end":{"line":717,"column":26}},"302":{"start":{"line":719,"column":4},"end":{"line":719,"column":22}},"303":{"start":{"line":722,"column":0},"end":{"line":731,"column":2}},"304":{"start":{"line":745,"column":0},"end":{"line":808,"column":1}},"305":{"start":{"line":746,"column":1},"end":{"line":746,"column":17}},"306":{"start":{"line":747,"column":1},"end":{"line":806,"column":2}},"307":{"start":{"line":748,"column":2},"end":{"line":748,"column":21}},"308":{"start":{"line":751,"column":2},"end":{"line":805,"column":3}},"309":{"start":{"line":752,"column":3},"end":{"line":759,"column":6}},"310":{"start":{"line":753,"column":4},"end":{"line":758,"column":5}},"311":{"start":{"line":754,"column":5},"end":{"line":754,"column":33}},"312":{"start":{"line":757,"column":5},"end":{"line":757,"column":25}},"313":{"start":{"line":761,"column":7},"end":{"line":805,"column":3}},"314":{"start":{"line":762,"column":3},"end":{"line":762,"column":30}},"315":{"start":{"line":765,"column":3},"end":{"line":804,"column":4}},"316":{"start":{"line":766,"column":4},"end":{"line":781,"column":5}},"317":{"start":{"line":767,"column":5},"end":{"line":769,"column":7}},"318":{"start":{"line":768,"column":6},"end":{"line":768,"column":34}},"319":{"start":{"line":772,"column":5},"end":{"line":780,"column":6}},"320":{"start":{"line":773,"column":6},"end":{"line":773,"column":16}},"321":{"start":{"line":774,"column":6},"end":{"line":776,"column":8}},"322":{"start":{"line":775,"column":7},"end":{"line":775,"column":40}},"323":{"start":{"line":779,"column":6},"end":{"line":779,"column":38}},"324":{"start":{"line":784,"column":4},"end":{"line":803,"column":5}},"325":{"start":{"line":785,"column":5},"end":{"line":792,"column":6}},"326":{"start":{"line":786,"column":6},"end":{"line":788,"column":7}},"327":{"start":{"line":787,"column":7},"end":{"line":787,"column":44}},"328":{"start":{"line":791,"column":6},"end":{"line":791,"column":37}},"329":{"start":{"line":795,"column":5},"end":{"line":802,"column":6}},"330":{"start":{"line":796,"column":6},"end":{"line":798,"column":7}},"331":{"start":{"line":797,"column":7},"end":{"line":797,"column":36}},"332":{"start":{"line":801,"column":6},"end":{"line":801,"column":37}},"333":{"start":{"line":807,"column":1},"end":{"line":807,"column":13}},"334":{"start":{"line":815,"column":0},"end":{"line":862,"column":1}},"335":{"start":{"line":816,"column":4},"end":{"line":816,"column":13}},"336":{"start":{"line":817,"column":4},"end":{"line":860,"column":5}},"337":{"start":{"line":818,"column":8},"end":{"line":818,"column":27}},"338":{"start":{"line":821,"column":8},"end":{"line":835,"column":9}},"339":{"start":{"line":822,"column":12},"end":{"line":834,"column":13}},"340":{"start":{"line":823,"column":16},"end":{"line":825,"column":18}},"341":{"start":{"line":824,"column":20},"end":{"line":824,"column":34}},"342":{"start":{"line":826,"column":16},"end":{"line":826,"column":28}},"343":{"start":{"line":829,"column":16},"end":{"line":829,"column":25}},"344":{"start":{"line":830,"column":16},"end":{"line":832,"column":18}},"345":{"start":{"line":831,"column":20},"end":{"line":831,"column":30}},"346":{"start":{"line":833,"column":16},"end":{"line":833,"column":28}},"347":{"start":{"line":836,"column":8},"end":{"line":859,"column":9}},"348":{"start":{"line":837,"column":12},"end":{"line":837,"column":22}},"349":{"start":{"line":838,"column":12},"end":{"line":840,"column":15}},"350":{"start":{"line":839,"column":16},"end":{"line":839,"column":36}},"351":{"start":{"line":842,"column":13},"end":{"line":859,"column":9}},"352":{"start":{"line":843,"column":12},"end":{"line":843,"column":28}},"353":{"start":{"line":846,"column":12},"end":{"line":858,"column":13}},"354":{"start":{"line":847,"column":16},"end":{"line":847,"column":26}},"355":{"start":{"line":848,"column":16},"end":{"line":857,"column":17}},"356":{"start":{"line":849,"column":20},"end":{"line":851,"column":21}},"357":{"start":{"line":850,"column":24},"end":{"line":850,"column":57}},"358":{"start":{"line":854,"column":20},"end":{"line":856,"column":21}},"359":{"start":{"line":855,"column":24},"end":{"line":855,"column":53}},"360":{"start":{"line":861,"column":4},"end":{"line":861,"column":16}}},"branchMap":{"1":{"line":9,"type":"if","locations":[{"start":{"line":9,"column":11},"end":{"line":9,"column":11}},{"start":{"line":9,"column":11},"end":{"line":9,"column":11}}]},"2":{"line":41,"type":"if","locations":[{"start":{"line":41,"column":11},"end":{"line":41,"column":11}},{"start":{"line":41,"column":11},"end":{"line":41,"column":11}}]},"3":{"line":52,"type":"cond-expr","locations":[{"start":{"line":53,"column":12},"end":{"line":53,"column":63}},{"start":{"line":54,"column":12},"end":{"line":54,"column":58}}]},"4":{"line":52,"type":"binary-expr","locations":[{"start":{"line":52,"column":24},"end":{"line":52,"column":30}},{"start":{"line":52,"column":34},"end":{"line":52,"column":51}}]},"5":{"line":85,"type":"cond-expr","locations":[{"start":{"line":85,"column":38},"end":{"line":85,"column":43}},{"start":{"line":85,"column":47},"end":{"line":85,"column":74}}]},"6":{"line":101,"type":"cond-expr","locations":[{"start":{"line":101,"column":31},"end":{"line":101,"column":39}},{"start":{"line":101,"column":42},"end":{"line":101,"column":44}}]},"7":{"line":114,"type":"if","locations":[{"start":{"line":114,"column":2},"end":{"line":114,"column":2}},{"start":{"line":114,"column":2},"end":{"line":114,"column":2}}]},"8":{"line":136,"type":"if","locations":[{"start":{"line":136,"column":3},"end":{"line":136,"column":3}},{"start":{"line":136,"column":3},"end":{"line":136,"column":3}}]},"9":{"line":150,"type":"if","locations":[{"start":{"line":150,"column":2},"end":{"line":150,"column":2}},{"start":{"line":150,"column":2},"end":{"line":150,"column":2}}]},"10":{"line":150,"type":"binary-expr","locations":[{"start":{"line":150,"column":6},"end":{"line":150,"column":11}},{"start":{"line":150,"column":15},"end":{"line":150,"column":32}}]},"11":{"line":156,"type":"if","locations":[{"start":{"line":156,"column":3},"end":{"line":156,"column":3}},{"start":{"line":156,"column":3},"end":{"line":156,"column":3}}]},"12":{"line":157,"type":"if","locations":[{"start":{"line":157,"column":4},"end":{"line":157,"column":4}},{"start":{"line":157,"column":4},"end":{"line":157,"column":4}}]},"13":{"line":157,"type":"binary-expr","locations":[{"start":{"line":157,"column":8},"end":{"line":157,"column":30}},{"start":{"line":157,"column":34},"end":{"line":157,"column":56}}]},"14":{"line":162,"type":"if","locations":[{"start":{"line":162,"column":9},"end":{"line":162,"column":9}},{"start":{"line":162,"column":9},"end":{"line":162,"column":9}}]},"15":{"line":162,"type":"binary-expr","locations":[{"start":{"line":162,"column":13},"end":{"line":162,"column":35}},{"start":{"line":162,"column":39},"end":{"line":162,"column":61}}]},"16":{"line":166,"type":"if","locations":[{"start":{"line":166,"column":6},"end":{"line":166,"column":6}},{"start":{"line":166,"column":6},"end":{"line":166,"column":6}}]},"17":{"line":183,"type":"if","locations":[{"start":{"line":183,"column":5},"end":{"line":183,"column":5}},{"start":{"line":183,"column":5},"end":{"line":183,"column":5}}]},"18":{"line":241,"type":"if","locations":[{"start":{"line":241,"column":2},"end":{"line":241,"column":2}},{"start":{"line":241,"column":2},"end":{"line":241,"column":2}}]},"19":{"line":312,"type":"if","locations":[{"start":{"line":312,"column":247},"end":{"line":312,"column":247}},{"start":{"line":312,"column":247},"end":{"line":312,"column":247}}]},"20":{"line":312,"type":"binary-expr","locations":[{"start":{"line":312,"column":251},"end":{"line":312,"column":252}},{"start":{"line":312,"column":256},"end":{"line":312,"column":273}}]},"21":{"line":312,"type":"if","locations":[{"start":{"line":312,"column":339},"end":{"line":312,"column":339}},{"start":{"line":312,"column":339},"end":{"line":312,"column":339}}]},"22":{"line":312,"type":"binary-expr","locations":[{"start":{"line":312,"column":343},"end":{"line":312,"column":346}},{"start":{"line":312,"column":350},"end":{"line":312,"column":362}}]},"23":{"line":312,"type":"if","locations":[{"start":{"line":312,"column":392},"end":{"line":312,"column":392}},{"start":{"line":312,"column":392},"end":{"line":312,"column":392}}]},"24":{"line":312,"type":"if","locations":[{"start":{"line":312,"column":456},"end":{"line":312,"column":456}},{"start":{"line":312,"column":456},"end":{"line":312,"column":456}}]},"25":{"line":312,"type":"if","locations":[{"start":{"line":312,"column":501},"end":{"line":312,"column":501}},{"start":{"line":312,"column":501},"end":{"line":312,"column":501}}]},"26":{"line":314,"type":"binary-expr","locations":[{"start":{"line":314,"column":168},"end":{"line":314,"column":189}},{"start":{"line":314,"column":193},"end":{"line":314,"column":198}}]},"27":{"line":314,"type":"if","locations":[{"start":{"line":314,"column":232},"end":{"line":314,"column":232}},{"start":{"line":314,"column":232},"end":{"line":314,"column":232}}]},"28":{"line":314,"type":"if","locations":[{"start":{"line":314,"column":407},"end":{"line":314,"column":407}},{"start":{"line":314,"column":407},"end":{"line":314,"column":407}}]},"29":{"line":314,"type":"if","locations":[{"start":{"line":314,"column":476},"end":{"line":314,"column":476}},{"start":{"line":314,"column":476},"end":{"line":314,"column":476}}]},"30":{"line":316,"type":"if","locations":[{"start":{"line":316,"column":50},"end":{"line":316,"column":50}},{"start":{"line":316,"column":50},"end":{"line":316,"column":50}}]},"31":{"line":377,"type":"cond-expr","locations":[{"start":{"line":377,"column":40},"end":{"line":377,"column":43}},{"start":{"line":377,"column":46},"end":{"line":377,"column":55}}]},"32":{"line":379,"type":"cond-expr","locations":[{"start":{"line":379,"column":42},"end":{"line":379,"column":44}},{"start":{"line":379,"column":47},"end":{"line":379,"column":57}}]},"33":{"line":381,"type":"cond-expr","locations":[{"start":{"line":381,"column":34},"end":{"line":381,"column":35}},{"start":{"line":381,"column":38},"end":{"line":381,"column":44}}]},"34":{"line":383,"type":"cond-expr","locations":[{"start":{"line":383,"column":46},"end":{"line":383,"column":64}},{"start":{"line":383,"column":67},"end":{"line":383,"column":79}}]},"35":{"line":385,"type":"cond-expr","locations":[{"start":{"line":385,"column":48},"end":{"line":385,"column":61}},{"start":{"line":385,"column":64},"end":{"line":385,"column":77}}]},"36":{"line":401,"type":"cond-expr","locations":[{"start":{"line":401,"column":71},"end":{"line":401,"column":83}},{"start":{"line":401,"column":86},"end":{"line":401,"column":99}}]},"37":{"line":401,"type":"binary-expr","locations":[{"start":{"line":401,"column":18},"end":{"line":401,"column":38}},{"start":{"line":401,"column":42},"end":{"line":401,"column":68}}]},"38":{"line":495,"type":"cond-expr","locations":[{"start":{"line":495,"column":37},"end":{"line":495,"column":46}},{"start":{"line":495,"column":49},"end":{"line":495,"column":61}}]},"39":{"line":577,"type":"if","locations":[{"start":{"line":577,"column":1},"end":{"line":577,"column":1}},{"start":{"line":577,"column":1},"end":{"line":577,"column":1}}]},"40":{"line":659,"type":"cond-expr","locations":[{"start":{"line":659,"column":74},"end":{"line":659,"column":86}},{"start":{"line":659,"column":89},"end":{"line":659,"column":90}}]},"41":{"line":659,"type":"binary-expr","locations":[{"start":{"line":659,"column":21},"end":{"line":659,"column":41}},{"start":{"line":659,"column":45},"end":{"line":659,"column":71}}]},"42":{"line":662,"type":"if","locations":[{"start":{"line":662,"column":4},"end":{"line":662,"column":4}},{"start":{"line":662,"column":4},"end":{"line":662,"column":4}}]},"43":{"line":663,"type":"if","locations":[{"start":{"line":663,"column":8},"end":{"line":663,"column":8}},{"start":{"line":663,"column":8},"end":{"line":663,"column":8}}]},"44":{"line":670,"type":"if","locations":[{"start":{"line":670,"column":8},"end":{"line":670,"column":8}},{"start":{"line":670,"column":8},"end":{"line":670,"column":8}}]},"45":{"line":747,"type":"if","locations":[{"start":{"line":747,"column":1},"end":{"line":747,"column":1}},{"start":{"line":747,"column":1},"end":{"line":747,"column":1}}]},"46":{"line":747,"type":"binary-expr","locations":[{"start":{"line":747,"column":5},"end":{"line":747,"column":25}},{"start":{"line":747,"column":29},"end":{"line":747,"column":49}}]},"47":{"line":751,"type":"if","locations":[{"start":{"line":751,"column":2},"end":{"line":751,"column":2}},{"start":{"line":751,"column":2},"end":{"line":751,"column":2}}]},"48":{"line":751,"type":"binary-expr","locations":[{"start":{"line":751,"column":6},"end":{"line":751,"column":25}},{"start":{"line":751,"column":29},"end":{"line":751,"column":49}}]},"49":{"line":753,"type":"if","locations":[{"start":{"line":753,"column":4},"end":{"line":753,"column":4}},{"start":{"line":753,"column":4},"end":{"line":753,"column":4}}]},"50":{"line":761,"type":"if","locations":[{"start":{"line":761,"column":7},"end":{"line":761,"column":7}},{"start":{"line":761,"column":7},"end":{"line":761,"column":7}}]},"51":{"line":761,"type":"binary-expr","locations":[{"start":{"line":761,"column":11},"end":{"line":761,"column":31}},{"start":{"line":761,"column":35},"end":{"line":761,"column":54}}]},"52":{"line":765,"type":"if","locations":[{"start":{"line":765,"column":3},"end":{"line":765,"column":3}},{"start":{"line":765,"column":3},"end":{"line":765,"column":3}}]},"53":{"line":765,"type":"binary-expr","locations":[{"start":{"line":765,"column":7},"end":{"line":765,"column":29}},{"start":{"line":765,"column":33},"end":{"line":765,"column":56}}]},"54":{"line":766,"type":"if","locations":[{"start":{"line":766,"column":4},"end":{"line":766,"column":4}},{"start":{"line":766,"column":4},"end":{"line":766,"column":4}}]},"55":{"line":772,"type":"if","locations":[{"start":{"line":772,"column":5},"end":{"line":772,"column":5}},{"start":{"line":772,"column":5},"end":{"line":772,"column":5}}]},"56":{"line":784,"type":"if","locations":[{"start":{"line":784,"column":4},"end":{"line":784,"column":4}},{"start":{"line":784,"column":4},"end":{"line":784,"column":4}}]},"57":{"line":784,"type":"binary-expr","locations":[{"start":{"line":784,"column":8},"end":{"line":784,"column":30}},{"start":{"line":784,"column":34},"end":{"line":784,"column":56}}]},"58":{"line":785,"type":"if","locations":[{"start":{"line":785,"column":5},"end":{"line":785,"column":5}},{"start":{"line":785,"column":5},"end":{"line":785,"column":5}}]},"59":{"line":795,"type":"if","locations":[{"start":{"line":795,"column":5},"end":{"line":795,"column":5}},{"start":{"line":795,"column":5},"end":{"line":795,"column":5}}]},"60":{"line":817,"type":"if","locations":[{"start":{"line":817,"column":4},"end":{"line":817,"column":4}},{"start":{"line":817,"column":4},"end":{"line":817,"column":4}}]},"61":{"line":817,"type":"binary-expr","locations":[{"start":{"line":817,"column":8},"end":{"line":817,"column":28}},{"start":{"line":817,"column":32},"end":{"line":817,"column":52}}]},"62":{"line":821,"type":"if","locations":[{"start":{"line":821,"column":8},"end":{"line":821,"column":8}},{"start":{"line":821,"column":8},"end":{"line":821,"column":8}}]},"63":{"line":822,"type":"if","locations":[{"start":{"line":822,"column":12},"end":{"line":822,"column":12}},{"start":{"line":822,"column":12},"end":{"line":822,"column":12}}]},"64":{"line":836,"type":"if","locations":[{"start":{"line":836,"column":8},"end":{"line":836,"column":8}},{"start":{"line":836,"column":8},"end":{"line":836,"column":8}}]},"65":{"line":836,"type":"binary-expr","locations":[{"start":{"line":836,"column":12},"end":{"line":836,"column":31}},{"start":{"line":836,"column":35},"end":{"line":836,"column":55}}]},"66":{"line":842,"type":"if","locations":[{"start":{"line":842,"column":13},"end":{"line":842,"column":13}},{"start":{"line":842,"column":13},"end":{"line":842,"column":13}}]},"67":{"line":842,"type":"binary-expr","locations":[{"start":{"line":842,"column":17},"end":{"line":842,"column":36}},{"start":{"line":842,"column":40},"end":{"line":842,"column":60}}]},"68":{"line":846,"type":"if","locations":[{"start":{"line":846,"column":12},"end":{"line":846,"column":12}},{"start":{"line":846,"column":12},"end":{"line":846,"column":12}}]},"69":{"line":848,"type":"if","locations":[{"start":{"line":848,"column":16},"end":{"line":848,"column":16}},{"start":{"line":848,"column":16},"end":{"line":848,"column":16}}]},"70":{"line":848,"type":"binary-expr","locations":[{"start":{"line":848,"column":20},"end":{"line":848,"column":42}},{"start":{"line":848,"column":46},"end":{"line":848,"column":68}}]}}}}