{"D:\\Jbrain\\build\\build.js":{"path":"D:\\Jbrain\\build\\build.js","s":{"1":1,"2":1,"3":1,"4":15,"5":1,"6":14,"7":14,"8":12,"9":12,"10":1,"11":1,"12":1,"13":0,"14":1,"15":0,"16":0,"17":1,"18":0,"19":0,"20":0,"21":0,"22":0,"23":1,"24":0,"25":1,"26":1,"27":1,"28":1,"29":0,"30":0,"31":0,"32":0,"33":0,"34":0,"35":0,"36":0,"37":0,"38":0,"39":0,"40":0,"41":0,"42":0,"43":0,"44":0,"45":0,"46":0,"47":0,"48":0,"49":0,"50":0,"51":0,"52":0,"53":0,"54":0,"55":0,"56":0,"57":0,"58":0,"59":0,"60":0,"61":0,"62":0,"63":0,"64":0,"65":0,"66":0,"67":0,"68":0,"69":0,"70":0,"71":0,"72":0,"73":0,"74":0,"75":0,"76":0,"77":0,"78":0,"79":0,"80":0,"81":0,"82":0,"83":0,"84":0,"85":0,"86":0,"87":0,"88":0,"89":0,"90":0,"91":0,"92":0,"93":0,"94":0,"95":0,"96":0,"97":0,"98":0,"99":0,"100":0,"101":0,"102":0,"103":0,"104":0,"105":0,"106":0,"107":0,"108":0,"109":0,"110":0,"111":0,"112":0,"113":1,"114":1,"115":0,"116":0,"117":1,"118":1,"119":0,"120":0,"121":0,"122":0,"123":0,"124":0,"125":0,"126":0,"127":0,"128":0,"129":0,"130":0,"131":0,"132":0,"133":0,"134":0,"135":0,"136":1,"137":0,"138":0,"139":0,"140":0,"141":0,"142":1,"143":1,"144":1,"145":6,"146":6,"147":6,"148":6,"149":6,"150":6,"151":1,"152":1,"153":1,"154":1,"155":0,"156":1,"157":1,"158":0,"159":0,"160":1,"161":1,"162":1,"163":1,"164":1,"165":1,"166":0,"167":0,"168":0,"169":0,"170":0,"171":0,"172":0,"173":0,"174":1,"175":0,"176":0,"177":0,"178":0,"179":0,"180":0,"181":0,"182":0,"183":0,"184":0,"185":0,"186":0,"187":0,"188":0,"189":0,"190":0,"191":0,"192":0,"193":0,"194":0,"195":0,"196":0,"197":0,"198":0,"199":0,"200":0,"201":0,"202":0,"203":0,"204":0,"205":0,"206":0,"207":0,"208":0,"209":0,"210":0,"211":0,"212":0,"213":0,"214":0,"215":0,"216":0,"217":0,"218":0,"219":0,"220":0,"221":0,"222":0,"223":0,"224":0,"225":0,"226":0,"227":0,"228":0,"229":0,"230":0,"231":0,"232":0,"233":0,"234":0,"235":0,"236":0,"237":0,"238":1,"239":1,"240":1,"241":0,"242":0,"243":0,"244":0,"245":1,"246":1,"247":1,"248":1,"249":1,"250":0,"251":0,"252":0,"253":0,"254":0,"255":0,"256":1,"257":1,"258":1,"259":1,"260":1,"261":1,"262":1,"263":1,"264":1,"265":0,"266":0,"267":0,"268":0,"269":0,"270":0,"271":0,"272":0,"273":0,"274":0,"275":0,"276":0,"277":1,"278":0,"279":0,"280":0,"281":0,"282":0,"283":1,"284":0,"285":0,"286":0,"287":0,"288":1,"289":0,"290":1,"291":0,"292":0,"293":0,"294":0,"295":0,"296":0,"297":0,"298":1,"299":1,"300":0,"301":0,"302":0,"303":0,"304":0,"305":0,"306":0,"307":0,"308":0,"309":0,"310":0,"311":0,"312":0,"313":0,"314":0,"315":0,"316":0,"317":0,"318":0,"319":0,"320":0,"321":0,"322":0,"323":0,"324":0,"325":0,"326":0,"327":0,"328":0,"329":1,"330":0,"331":0,"332":0,"333":0,"334":0,"335":0,"336":0,"337":0,"338":0,"339":0,"340":0,"341":0,"342":0,"343":0,"344":0,"345":0,"346":0,"347":0,"348":0,"349":0,"350":0,"351":0,"352":0,"353":0,"354":0,"355":0},"b":{"1":[1,14],"2":[0,0],"3":[0,0],"4":[0,0],"5":[0,0],"6":[0,0],"7":[0,0],"8":[0,0],"9":[0,0],"10":[0,0],"11":[0,0],"12":[0,0],"13":[0,0],"14":[0,0],"15":[0,0],"16":[0,0],"17":[0,0],"18":[0,0],"19":[0,0],"20":[0,0],"21":[0,0],"22":[0,0],"23":[0,0],"24":[0,0],"25":[0,0],"26":[6,6],"27":[6,0],"28":[1,0],"29":[0,1],"30":[0,0],"31":[0,0],"32":[0,0],"33":[0,0],"34":[0,0],"35":[0,0],"36":[0,0],"37":[0,0],"38":[0,0],"39":[0,0],"40":[0,0],"41":[0,0],"42":[0,0],"43":[0,0],"44":[0,0],"45":[0,0],"46":[0,0],"47":[0,0],"48":[0,0],"49":[0,0],"50":[0,0],"51":[0,0],"52":[0,0],"53":[0,0],"54":[0,0],"55":[0,0],"56":[0,0],"57":[0,0],"58":[0,0],"59":[0,0],"60":[0,0],"61":[0,0],"62":[0,0],"63":[0,0],"64":[0,0],"65":[0,0],"66":[0,0],"67":[0,0],"68":[0,0]},"f":{"1":1,"2":15,"3":0,"4":0,"5":0,"6":0,"7":0,"8":0,"9":1,"10":0,"11":0,"12":0,"13":0,"14":0,"15":0,"16":0,"17":0,"18":0,"19":0,"20":0,"21":0,"22":0,"23":1,"24":1,"25":1,"26":0,"27":0,"28":1,"29":1,"30":1,"31":0,"32":1,"33":0,"34":0,"35":0,"36":0,"37":0,"38":0,"39":0,"40":0,"41":0,"42":1,"43":1,"44":1,"45":0,"46":0,"47":1,"48":0,"49":1,"50":1,"51":1,"52":1,"53":1,"54":0,"55":0,"56":0,"57":0,"58":0,"59":1,"60":0,"61":1,"62":0},"fnMap":{"1":{"name":"(anonymous_1)","line":1,"loc":{"start":{"line":1,"column":10},"end":{"line":1,"column":28}}},"2":{"name":"__webpack_require__","line":6,"loc":{"start":{"line":6,"column":10},"end":{"line":6,"column":49}}},"3":{"name":"(anonymous_3)","line":37,"loc":{"start":{"line":37,"column":34},"end":{"line":37,"column":50}}},"4":{"name":"(anonymous_4)","line":40,"loc":{"start":{"line":40,"column":34},"end":{"line":40,"column":66}}},"5":{"name":"(anonymous_5)","line":51,"loc":{"start":{"line":51,"column":34},"end":{"line":51,"column":51}}},"6":{"name":"getDefault","line":53,"loc":{"start":{"line":53,"column":12},"end":{"line":53,"column":34}}},"7":{"name":"getModuleExports","line":54,"loc":{"start":{"line":54,"column":12},"end":{"line":54,"column":40}}},"8":{"name":"(anonymous_8)","line":60,"loc":{"start":{"line":60,"column":34},"end":{"line":60,"column":61}}},"9":{"name":"(anonymous_9)","line":71,"loc":{"start":{"line":71,"column":7},"end":{"line":71,"column":54}}},"10":{"name":"(anonymous_10)","line":83,"loc":{"start":{"line":83,"column":12},"end":{"line":83,"column":35}}},"11":{"name":"(anonymous_11)","line":94,"loc":{"start":{"line":94,"column":13},"end":{"line":94,"column":19}}},"12":{"name":"(anonymous_12)","line":99,"loc":{"start":{"line":99,"column":14},"end":{"line":99,"column":22}}},"13":{"name":"(anonymous_13)","line":113,"loc":{"start":{"line":113,"column":11},"end":{"line":113,"column":20}}},"14":{"name":"(anonymous_14)","line":134,"loc":{"start":{"line":134,"column":15},"end":{"line":134,"column":27}}},"15":{"name":"(anonymous_15)","line":147,"loc":{"start":{"line":147,"column":12},"end":{"line":147,"column":49}}},"16":{"name":"(anonymous_16)","line":199,"loc":{"start":{"line":199,"column":9},"end":{"line":199,"column":12}}},"17":{"name":"(anonymous_17)","line":203,"loc":{"start":{"line":203,"column":11},"end":{"line":203,"column":17}}},"18":{"name":"(anonymous_18)","line":215,"loc":{"start":{"line":215,"column":10},"end":{"line":215,"column":18}}},"19":{"name":"(anonymous_19)","line":225,"loc":{"start":{"line":225,"column":8},"end":{"line":225,"column":42}}},"20":{"name":"(anonymous_20)","line":240,"loc":{"start":{"line":240,"column":8},"end":{"line":240,"column":20}}},"21":{"name":"(anonymous_21)","line":255,"loc":{"start":{"line":255,"column":7},"end":{"line":255,"column":19}}},"22":{"name":"(anonymous_22)","line":265,"loc":{"start":{"line":265,"column":10},"end":{"line":265,"column":13}}},"23":{"name":"(anonymous_23)","line":282,"loc":{"start":{"line":282,"column":7},"end":{"line":282,"column":54}}},"24":{"name":"(anonymous_24)","line":310,"loc":{"start":{"line":310,"column":7},"end":{"line":310,"column":54}}},"25":{"name":"(anonymous_25)","line":315,"loc":{"start":{"line":315,"column":21},"end":{"line":315,"column":33}}},"26":{"name":"sliceIterator","line":315,"loc":{"start":{"line":315,"column":35},"end":{"line":315,"column":66}}},"27":{"name":"(anonymous_27)","line":315,"loc":{"start":{"line":315,"column":436},"end":{"line":315,"column":454}}},"28":{"name":"(anonymous_28)","line":317,"loc":{"start":{"line":317,"column":19},"end":{"line":317,"column":31}}},"29":{"name":"defineProperties","line":317,"loc":{"start":{"line":317,"column":33},"end":{"line":317,"column":74}}},"30":{"name":"(anonymous_30)","line":317,"loc":{"start":{"line":317,"column":357},"end":{"line":317,"column":405}}},"31":{"name":"_classCallCheck","line":319,"loc":{"start":{"line":319,"column":0},"end":{"line":319,"column":48}}},"32":{"name":"(anonymous_32)","line":356,"loc":{"start":{"line":356,"column":14},"end":{"line":356,"column":26}}},"33":{"name":"Network","line":357,"loc":{"start":{"line":357,"column":1},"end":{"line":357,"column":30}}},"34":{"name":"fit","line":376,"loc":{"start":{"line":376,"column":9},"end":{"line":376,"column":28}}},"35":{"name":"feed_forward","line":403,"loc":{"start":{"line":403,"column":9},"end":{"line":403,"column":48}}},"36":{"name":"SGD","line":424,"loc":{"start":{"line":424,"column":9},"end":{"line":424,"column":47}}},"37":{"name":"backprop","line":468,"loc":{"start":{"line":468,"column":9},"end":{"line":468,"column":33}}},"38":{"name":"(anonymous_38)","line":488,"loc":{"start":{"line":488,"column":41},"end":{"line":488,"column":54}}},"39":{"name":"(anonymous_39)","line":498,"loc":{"start":{"line":498,"column":30},"end":{"line":498,"column":43}}},"40":{"name":"predict","line":520,"loc":{"start":{"line":520,"column":9},"end":{"line":520,"column":41}}},"41":{"name":"evaluate","line":526,"loc":{"start":{"line":526,"column":9},"end":{"line":526,"column":52}}},"42":{"name":"(anonymous_42)","line":538,"loc":{"start":{"line":538,"column":7},"end":{"line":538,"column":54}}},"43":{"name":"(anonymous_43)","line":553,"loc":{"start":{"line":553,"column":7},"end":{"line":553,"column":54}}},"44":{"name":"(anonymous_44)","line":570,"loc":{"start":{"line":570,"column":7},"end":{"line":570,"column":54}}},"45":{"name":"sigmoid","line":575,"loc":{"start":{"line":575,"column":0},"end":{"line":575,"column":20}}},"46":{"name":"(anonymous_46)","line":580,"loc":{"start":{"line":580,"column":12},"end":{"line":580,"column":25}}},"47":{"name":"(anonymous_47)","line":592,"loc":{"start":{"line":592,"column":7},"end":{"line":592,"column":54}}},"48":{"name":"(anonymous_48)","line":597,"loc":{"start":{"line":597,"column":17},"end":{"line":597,"column":29}}},"49":{"name":"(anonymous_49)","line":603,"loc":{"start":{"line":603,"column":7},"end":{"line":603,"column":54}}},"50":{"name":"(anonymous_50)","line":622,"loc":{"start":{"line":622,"column":7},"end":{"line":622,"column":54}}},"51":{"name":"(anonymous_51)","line":629,"loc":{"start":{"line":629,"column":7},"end":{"line":629,"column":54}}},"52":{"name":"(anonymous_52)","line":636,"loc":{"start":{"line":636,"column":7},"end":{"line":636,"column":54}}},"53":{"name":"(anonymous_53)","line":643,"loc":{"start":{"line":643,"column":7},"end":{"line":643,"column":54}}},"54":{"name":"lyr","line":657,"loc":{"start":{"line":657,"column":0},"end":{"line":657,"column":35}}},"55":{"name":"weighted_input","line":681,"loc":{"start":{"line":681,"column":0},"end":{"line":681,"column":33}}},"56":{"name":"cost_grad","line":691,"loc":{"start":{"line":691,"column":0},"end":{"line":691,"column":25}}},"57":{"name":"sigma_dash","line":701,"loc":{"start":{"line":701,"column":0},"end":{"line":701,"column":23}}},"58":{"name":"shuffle","line":705,"loc":{"start":{"line":705,"column":0},"end":{"line":705,"column":49}}},"59":{"name":"(anonymous_59)","line":730,"loc":{"start":{"line":730,"column":7},"end":{"line":730,"column":33}}},"60":{"name":"product","line":740,"loc":{"start":{"line":740,"column":17},"end":{"line":740,"column":46}}},"61":{"name":"(anonymous_61)","line":808,"loc":{"start":{"line":808,"column":7},"end":{"line":808,"column":33}}},"62":{"name":"sum","line":810,"loc":{"start":{"line":810,"column":17},"end":{"line":810,"column":42}}}},"statementMap":{"1":{"start":{"line":1,"column":9},"end":{"line":860,"column":12}},"2":{"start":{"line":3,"column":10},"end":{"line":3,"column":36}},"3":{"start":{"line":6,"column":10},"end":{"line":27,"column":11}},"4":{"start":{"line":9,"column":11},"end":{"line":11,"column":12}},"5":{"start":{"line":10,"column":12},"end":{"line":10,"column":54}},"6":{"start":{"line":13,"column":11},"end":{"line":17,"column":13}},"7":{"start":{"line":20,"column":11},"end":{"line":20,"column":95}},"8":{"start":{"line":23,"column":11},"end":{"line":23,"column":27}},"9":{"start":{"line":26,"column":11},"end":{"line":26,"column":33}},"10":{"start":{"line":31,"column":10},"end":{"line":31,"column":42}},"11":{"start":{"line":34,"column":10},"end":{"line":34,"column":51}},"12":{"start":{"line":37,"column":10},"end":{"line":37,"column":68}},"13":{"start":{"line":37,"column":52},"end":{"line":37,"column":65}},"14":{"start":{"line":40,"column":10},"end":{"line":48,"column":12}},"15":{"start":{"line":41,"column":11},"end":{"line":47,"column":12}},"16":{"start":{"line":42,"column":12},"end":{"line":46,"column":15}},"17":{"start":{"line":51,"column":10},"end":{"line":57,"column":12}},"18":{"start":{"line":52,"column":11},"end":{"line":54,"column":59}},"19":{"start":{"line":53,"column":36},"end":{"line":53,"column":61}},"20":{"start":{"line":54,"column":42},"end":{"line":54,"column":56}},"21":{"start":{"line":55,"column":11},"end":{"line":55,"column":54}},"22":{"start":{"line":56,"column":11},"end":{"line":56,"column":25}},"23":{"start":{"line":60,"column":10},"end":{"line":60,"column":128}},"24":{"start":{"line":60,"column":63},"end":{"line":60,"column":125}},"25":{"start":{"line":63,"column":10},"end":{"line":63,"column":37}},"26":{"start":{"line":66,"column":10},"end":{"line":66,"column":64}},"27":{"start":{"line":78,"column":0},"end":{"line":78,"column":36}},"28":{"start":{"line":79,"column":0},"end":{"line":79,"column":40}},"29":{"start":{"line":84,"column":2},"end":{"line":84,"column":19}},"30":{"start":{"line":85,"column":2},"end":{"line":85,"column":76}},"31":{"start":{"line":86,"column":2},"end":{"line":86,"column":41}},"32":{"start":{"line":87,"column":2},"end":{"line":87,"column":29}},"33":{"start":{"line":88,"column":2},"end":{"line":88,"column":17}},"34":{"start":{"line":89,"column":2},"end":{"line":89,"column":40}},"35":{"start":{"line":95,"column":2},"end":{"line":95,"column":29}},"36":{"start":{"line":100,"column":2},"end":{"line":100,"column":67}},"37":{"start":{"line":101,"column":2},"end":{"line":101,"column":45}},"38":{"start":{"line":102,"column":2},"end":{"line":108,"column":3}},"39":{"start":{"line":103,"column":3},"end":{"line":103,"column":12}},"40":{"start":{"line":104,"column":3},"end":{"line":106,"column":4}},"41":{"start":{"line":105,"column":4},"end":{"line":105,"column":23}},"42":{"start":{"line":107,"column":3},"end":{"line":107,"column":18}},"43":{"start":{"line":109,"column":2},"end":{"line":109,"column":32}},"44":{"start":{"line":114,"column":2},"end":{"line":125,"column":3}},"45":{"start":{"line":115,"column":3},"end":{"line":115,"column":16}},"46":{"start":{"line":116,"column":3},"end":{"line":118,"column":4}},"47":{"start":{"line":117,"column":4},"end":{"line":117,"column":37}},"48":{"start":{"line":119,"column":3},"end":{"line":119,"column":32}},"49":{"start":{"line":120,"column":3},"end":{"line":120,"column":28}},"50":{"start":{"line":121,"column":3},"end":{"line":121,"column":12}},"51":{"start":{"line":124,"column":3},"end":{"line":124,"column":36}},"52":{"start":{"line":135,"column":2},"end":{"line":142,"column":3}},"53":{"start":{"line":136,"column":3},"end":{"line":141,"column":4}},"54":{"start":{"line":137,"column":4},"end":{"line":137,"column":26}},"55":{"start":{"line":140,"column":4},"end":{"line":140,"column":17}},"56":{"start":{"line":148,"column":2},"end":{"line":148,"column":17}},"57":{"start":{"line":149,"column":2},"end":{"line":149,"column":8}},"58":{"start":{"line":150,"column":2},"end":{"line":188,"column":3}},"59":{"start":{"line":151,"column":3},"end":{"line":153,"column":4}},"60":{"start":{"line":152,"column":4},"end":{"line":152,"column":27}},"61":{"start":{"line":156,"column":3},"end":{"line":187,"column":4}},"62":{"start":{"line":157,"column":4},"end":{"line":175,"column":5}},"63":{"start":{"line":158,"column":5},"end":{"line":160,"column":6}},"64":{"start":{"line":159,"column":6},"end":{"line":159,"column":23}},"65":{"start":{"line":162,"column":9},"end":{"line":175,"column":5}},"66":{"start":{"line":163,"column":5},"end":{"line":163,"column":15}},"67":{"start":{"line":164,"column":5},"end":{"line":169,"column":6}},"68":{"start":{"line":165,"column":6},"end":{"line":165,"column":28}},"69":{"start":{"line":166,"column":6},"end":{"line":168,"column":7}},"70":{"start":{"line":167,"column":7},"end":{"line":167,"column":13}},"71":{"start":{"line":172,"column":5},"end":{"line":174,"column":6}},"72":{"start":{"line":173,"column":6},"end":{"line":173,"column":23}},"73":{"start":{"line":178,"column":4},"end":{"line":180,"column":15}},"74":{"start":{"line":181,"column":4},"end":{"line":186,"column":5}},"75":{"start":{"line":182,"column":5},"end":{"line":182,"column":20}},"76":{"start":{"line":183,"column":5},"end":{"line":185,"column":6}},"77":{"start":{"line":184,"column":6},"end":{"line":184,"column":16}},"78":{"start":{"line":189,"column":2},"end":{"line":189,"column":13}},"79":{"start":{"line":200,"column":2},"end":{"line":200,"column":27}},"80":{"start":{"line":204,"column":2},"end":{"line":204,"column":19}},"81":{"start":{"line":205,"column":2},"end":{"line":205,"column":25}},"82":{"start":{"line":206,"column":2},"end":{"line":206,"column":17}},"83":{"start":{"line":207,"column":2},"end":{"line":210,"column":3}},"84":{"start":{"line":208,"column":3},"end":{"line":208,"column":24}},"85":{"start":{"line":209,"column":3},"end":{"line":209,"column":12}},"86":{"start":{"line":211,"column":2},"end":{"line":211,"column":15}},"87":{"start":{"line":216,"column":2},"end":{"line":216,"column":15}},"88":{"start":{"line":217,"column":2},"end":{"line":219,"column":3}},"89":{"start":{"line":218,"column":3},"end":{"line":218,"column":13}},"90":{"start":{"line":220,"column":2},"end":{"line":220,"column":14}},"91":{"start":{"line":226,"column":2},"end":{"line":226,"column":23}},"92":{"start":{"line":227,"column":2},"end":{"line":228,"column":12}},"93":{"start":{"line":229,"column":2},"end":{"line":233,"column":3}},"94":{"start":{"line":230,"column":3},"end":{"line":230,"column":67}},"95":{"start":{"line":231,"column":3},"end":{"line":231,"column":23}},"96":{"start":{"line":232,"column":3},"end":{"line":232,"column":24}},"97":{"start":{"line":234,"column":2},"end":{"line":234,"column":24}},"98":{"start":{"line":235,"column":2},"end":{"line":235,"column":17}},"99":{"start":{"line":236,"column":2},"end":{"line":236,"column":40}},"100":{"start":{"line":241,"column":2},"end":{"line":251,"column":3}},"101":{"start":{"line":243,"column":3},"end":{"line":243,"column":30}},"102":{"start":{"line":244,"column":3},"end":{"line":244,"column":26}},"103":{"start":{"line":245,"column":3},"end":{"line":245,"column":30}},"104":{"start":{"line":246,"column":3},"end":{"line":246,"column":18}},"105":{"start":{"line":247,"column":3},"end":{"line":247,"column":36}},"106":{"start":{"line":250,"column":3},"end":{"line":250,"column":62}},"107":{"start":{"line":256,"column":2},"end":{"line":256,"column":29}},"108":{"start":{"line":257,"column":2},"end":{"line":257,"column":25}},"109":{"start":{"line":258,"column":2},"end":{"line":258,"column":40}},"110":{"start":{"line":259,"column":2},"end":{"line":259,"column":29}},"111":{"start":{"line":260,"column":2},"end":{"line":260,"column":17}},"112":{"start":{"line":261,"column":2},"end":{"line":261,"column":35}},"113":{"start":{"line":273,"column":0},"end":{"line":277,"column":2}},"114":{"start":{"line":292,"column":0},"end":{"line":292,"column":33}},"115":{"start":{"line":297,"column":0},"end":{"line":302,"column":2}},"116":{"start":{"line":304,"column":0},"end":{"line":304,"column":24}},"117":{"start":{"line":315,"column":0},"end":{"line":315,"column":664}},"118":{"start":{"line":315,"column":35},"end":{"line":315,"column":428}},"119":{"start":{"line":315,"column":68},"end":{"line":315,"column":82}},"120":{"start":{"line":315,"column":83},"end":{"line":315,"column":97}},"121":{"start":{"line":315,"column":98},"end":{"line":315,"column":113}},"122":{"start":{"line":315,"column":114},"end":{"line":315,"column":133}},"123":{"start":{"line":315,"column":134},"end":{"line":315,"column":413}},"124":{"start":{"line":315,"column":140},"end":{"line":315,"column":283}},"125":{"start":{"line":315,"column":226},"end":{"line":315,"column":246}},"126":{"start":{"line":315,"column":247},"end":{"line":315,"column":281}},"127":{"start":{"line":315,"column":275},"end":{"line":315,"column":281}},"128":{"start":{"line":315,"column":300},"end":{"line":315,"column":310}},"129":{"start":{"line":315,"column":311},"end":{"line":315,"column":320}},"130":{"start":{"line":315,"column":333},"end":{"line":315,"column":411}},"131":{"start":{"line":315,"column":339},"end":{"line":315,"column":379}},"132":{"start":{"line":315,"column":364},"end":{"line":315,"column":379}},"133":{"start":{"line":315,"column":392},"end":{"line":315,"column":409}},"134":{"start":{"line":315,"column":400},"end":{"line":315,"column":409}},"135":{"start":{"line":315,"column":414},"end":{"line":315,"column":426}},"136":{"start":{"line":315,"column":429},"end":{"line":315,"column":659}},"137":{"start":{"line":315,"column":456},"end":{"line":315,"column":656}},"138":{"start":{"line":315,"column":482},"end":{"line":315,"column":493}},"139":{"start":{"line":315,"column":501},"end":{"line":315,"column":656}},"140":{"start":{"line":315,"column":539},"end":{"line":315,"column":568}},"141":{"start":{"line":315,"column":578},"end":{"line":315,"column":654}},"142":{"start":{"line":317,"column":0},"end":{"line":317,"column":564}},"143":{"start":{"line":317,"column":33},"end":{"line":317,"column":349}},"144":{"start":{"line":317,"column":76},"end":{"line":317,"column":347}},"145":{"start":{"line":317,"column":117},"end":{"line":317,"column":143}},"146":{"start":{"line":317,"column":144},"end":{"line":317,"column":199}},"147":{"start":{"line":317,"column":200},"end":{"line":317,"column":231}},"148":{"start":{"line":317,"column":232},"end":{"line":317,"column":286}},"149":{"start":{"line":317,"column":259},"end":{"line":317,"column":286}},"150":{"start":{"line":317,"column":287},"end":{"line":317,"column":345}},"151":{"start":{"line":317,"column":350},"end":{"line":317,"column":559}},"152":{"start":{"line":317,"column":407},"end":{"line":317,"column":475}},"153":{"start":{"line":317,"column":423},"end":{"line":317,"column":475}},"154":{"start":{"line":317,"column":476},"end":{"line":317,"column":536}},"155":{"start":{"line":317,"column":493},"end":{"line":317,"column":536}},"156":{"start":{"line":317,"column":537},"end":{"line":317,"column":556}},"157":{"start":{"line":319,"column":0},"end":{"line":319,"column":153}},"158":{"start":{"line":319,"column":50},"end":{"line":319,"column":151}},"159":{"start":{"line":319,"column":92},"end":{"line":319,"column":149}},"160":{"start":{"line":334,"column":0},"end":{"line":340,"column":31}},"161":{"start":{"line":342,"column":0},"end":{"line":342,"column":34}},"162":{"start":{"line":343,"column":0},"end":{"line":343,"column":35}},"163":{"start":{"line":345,"column":0},"end":{"line":348,"column":32}},"164":{"start":{"line":356,"column":0},"end":{"line":532,"column":4}},"165":{"start":{"line":357,"column":1},"end":{"line":370,"column":2}},"166":{"start":{"line":358,"column":2},"end":{"line":358,"column":33}},"167":{"start":{"line":360,"column":2},"end":{"line":360,"column":31}},"168":{"start":{"line":361,"column":2},"end":{"line":361,"column":38}},"169":{"start":{"line":362,"column":2},"end":{"line":362,"column":20}},"170":{"start":{"line":363,"column":2},"end":{"line":363,"column":19}},"171":{"start":{"line":366,"column":2},"end":{"line":369,"column":3}},"172":{"start":{"line":367,"column":3},"end":{"line":367,"column":70}},"173":{"start":{"line":368,"column":3},"end":{"line":368,"column":45}},"174":{"start":{"line":374,"column":1},"end":{"line":529,"column":5}},"175":{"start":{"line":377,"column":3},"end":{"line":388,"column":78}},"176":{"start":{"line":390,"column":3},"end":{"line":390,"column":31}},"177":{"start":{"line":391,"column":3},"end":{"line":391,"column":30}},"178":{"start":{"line":392,"column":3},"end":{"line":392,"column":28}},"179":{"start":{"line":393,"column":3},"end":{"line":393,"column":26}},"180":{"start":{"line":395,"column":3},"end":{"line":395,"column":37}},"181":{"start":{"line":404,"column":3},"end":{"line":404,"column":23}},"182":{"start":{"line":405,"column":3},"end":{"line":405,"column":14}},"183":{"start":{"line":406,"column":3},"end":{"line":406,"column":26}},"184":{"start":{"line":407,"column":3},"end":{"line":412,"column":4}},"185":{"start":{"line":408,"column":4},"end":{"line":408,"column":99}},"186":{"start":{"line":409,"column":4},"end":{"line":409,"column":29}},"187":{"start":{"line":410,"column":4},"end":{"line":410,"column":28}},"188":{"start":{"line":411,"column":4},"end":{"line":411,"column":14}},"189":{"start":{"line":414,"column":3},"end":{"line":414,"column":26}},"190":{"start":{"line":425,"column":3},"end":{"line":425,"column":28}},"191":{"start":{"line":426,"column":3},"end":{"line":429,"column":24}},"192":{"start":{"line":430,"column":3},"end":{"line":459,"column":4}},"193":{"start":{"line":431,"column":4},"end":{"line":431,"column":55}},"194":{"start":{"line":433,"column":4},"end":{"line":433,"column":48}},"195":{"start":{"line":435,"column":4},"end":{"line":435,"column":21}},"196":{"start":{"line":436,"column":4},"end":{"line":436,"column":21}},"197":{"start":{"line":438,"column":4},"end":{"line":457,"column":5}},"198":{"start":{"line":440,"column":5},"end":{"line":440,"column":47}},"199":{"start":{"line":442,"column":5},"end":{"line":442,"column":51}},"200":{"start":{"line":444,"column":5},"end":{"line":444,"column":29}},"201":{"start":{"line":445,"column":5},"end":{"line":445,"column":29}},"202":{"start":{"line":446,"column":5},"end":{"line":449,"column":6}},"203":{"start":{"line":447,"column":6},"end":{"line":447,"column":67}},"204":{"start":{"line":448,"column":6},"end":{"line":448,"column":67}},"205":{"start":{"line":453,"column":5},"end":{"line":456,"column":6}},"206":{"start":{"line":454,"column":6},"end":{"line":454,"column":91}},"207":{"start":{"line":455,"column":6},"end":{"line":455,"column":89}},"208":{"start":{"line":458,"column":4},"end":{"line":458,"column":12}},"209":{"start":{"line":469,"column":3},"end":{"line":470,"column":15}},"210":{"start":{"line":471,"column":3},"end":{"line":474,"column":4}},"211":{"start":{"line":472,"column":4},"end":{"line":472,"column":54}},"212":{"start":{"line":473,"column":4},"end":{"line":473,"column":53}},"213":{"start":{"line":476,"column":3},"end":{"line":478,"column":18}},"214":{"start":{"line":480,"column":3},"end":{"line":480,"column":59}},"215":{"start":{"line":482,"column":3},"end":{"line":482,"column":57}},"216":{"start":{"line":484,"column":3},"end":{"line":484,"column":25}},"217":{"start":{"line":485,"column":3},"end":{"line":485,"column":25}},"218":{"start":{"line":487,"column":3},"end":{"line":487,"column":53}},"219":{"start":{"line":488,"column":3},"end":{"line":490,"column":6}},"220":{"start":{"line":489,"column":4},"end":{"line":489,"column":25}},"221":{"start":{"line":492,"column":3},"end":{"line":492,"column":54}},"222":{"start":{"line":495,"column":3},"end":{"line":502,"column":4}},"223":{"start":{"line":496,"column":4},"end":{"line":496,"column":62}},"224":{"start":{"line":497,"column":4},"end":{"line":497,"column":60}},"225":{"start":{"line":498,"column":4},"end":{"line":500,"column":7}},"226":{"start":{"line":499,"column":5},"end":{"line":499,"column":26}},"227":{"start":{"line":501,"column":4},"end":{"line":501,"column":45}},"228":{"start":{"line":504,"column":3},"end":{"line":514,"column":4}},"229":{"start":{"line":508,"column":4},"end":{"line":509,"column":18}},"230":{"start":{"line":510,"column":4},"end":{"line":510,"column":61}},"231":{"start":{"line":511,"column":4},"end":{"line":511,"column":41}},"232":{"start":{"line":512,"column":4},"end":{"line":512,"column":30}},"233":{"start":{"line":513,"column":4},"end":{"line":513,"column":30}},"234":{"start":{"line":516,"column":3},"end":{"line":516,"column":19}},"235":{"start":{"line":521,"column":3},"end":{"line":521,"column":46}},"236":{"start":{"line":522,"column":3},"end":{"line":522,"column":30}},"237":{"start":{"line":527,"column":3},"end":{"line":527,"column":45}},"238":{"start":{"line":531,"column":1},"end":{"line":531,"column":16}},"239":{"start":{"line":534,"column":0},"end":{"line":534,"column":25}},"240":{"start":{"line":543,"column":0},"end":{"line":543,"column":36}},"241":{"start":{"line":545,"column":0},"end":{"line":545,"column":40}},"242":{"start":{"line":546,"column":0},"end":{"line":546,"column":17}},"243":{"start":{"line":548,"column":0},"end":{"line":548,"column":45}},"244":{"start":{"line":549,"column":0},"end":{"line":549,"column":16}},"245":{"start":{"line":558,"column":0},"end":{"line":558,"column":37}},"246":{"start":{"line":559,"column":0},"end":{"line":559,"column":37}},"247":{"start":{"line":561,"column":0},"end":{"line":564,"column":2}},"248":{"start":{"line":566,"column":0},"end":{"line":566,"column":23}},"249":{"start":{"line":575,"column":0},"end":{"line":586,"column":1}},"250":{"start":{"line":576,"column":1},"end":{"line":585,"column":2}},"251":{"start":{"line":577,"column":2},"end":{"line":577,"column":30}},"252":{"start":{"line":579,"column":2},"end":{"line":579,"column":15}},"253":{"start":{"line":580,"column":2},"end":{"line":582,"column":5}},"254":{"start":{"line":581,"column":3},"end":{"line":581,"column":36}},"255":{"start":{"line":584,"column":2},"end":{"line":584,"column":13}},"256":{"start":{"line":588,"column":0},"end":{"line":588,"column":25}},"257":{"start":{"line":597,"column":0},"end":{"line":599,"column":2}},"258":{"start":{"line":608,"column":0},"end":{"line":608,"column":40}},"259":{"start":{"line":609,"column":0},"end":{"line":609,"column":43}},"260":{"start":{"line":610,"column":0},"end":{"line":610,"column":38}},"261":{"start":{"line":612,"column":0},"end":{"line":616,"column":2}},"262":{"start":{"line":618,"column":0},"end":{"line":618,"column":22}},"263":{"start":{"line":648,"column":0},"end":{"line":651,"column":31}},"264":{"start":{"line":657,"column":0},"end":{"line":677,"column":1}},"265":{"start":{"line":658,"column":4},"end":{"line":658,"column":91}},"266":{"start":{"line":660,"column":4},"end":{"line":660,"column":10}},"267":{"start":{"line":661,"column":4},"end":{"line":675,"column":5}},"268":{"start":{"line":662,"column":8},"end":{"line":667,"column":9}},"269":{"start":{"line":663,"column":12},"end":{"line":663,"column":43}},"270":{"start":{"line":664,"column":12},"end":{"line":664,"column":48}},"271":{"start":{"line":666,"column":12},"end":{"line":666,"column":46}},"272":{"start":{"line":669,"column":8},"end":{"line":674,"column":9}},"273":{"start":{"line":670,"column":12},"end":{"line":670,"column":51}},"274":{"start":{"line":671,"column":12},"end":{"line":671,"column":24}},"275":{"start":{"line":673,"column":12},"end":{"line":673,"column":54}},"276":{"start":{"line":676,"column":4},"end":{"line":676,"column":13}},"277":{"start":{"line":681,"column":0},"end":{"line":687,"column":1}},"278":{"start":{"line":682,"column":4},"end":{"line":682,"column":27}},"279":{"start":{"line":683,"column":4},"end":{"line":683,"column":17}},"280":{"start":{"line":684,"column":4},"end":{"line":684,"column":27}},"281":{"start":{"line":685,"column":4},"end":{"line":685,"column":30}},"282":{"start":{"line":686,"column":4},"end":{"line":686,"column":13}},"283":{"start":{"line":691,"column":0},"end":{"line":697,"column":1}},"284":{"start":{"line":692,"column":4},"end":{"line":694,"column":5}},"285":{"start":{"line":693,"column":8},"end":{"line":693,"column":21}},"286":{"start":{"line":695,"column":4},"end":{"line":695,"column":26}},"287":{"start":{"line":696,"column":4},"end":{"line":696,"column":17}},"288":{"start":{"line":701,"column":0},"end":{"line":703,"column":1}},"289":{"start":{"line":702,"column":4},"end":{"line":702,"column":59}},"290":{"start":{"line":705,"column":0},"end":{"line":715,"column":1}},"291":{"start":{"line":706,"column":4},"end":{"line":707,"column":15}},"292":{"start":{"line":708,"column":4},"end":{"line":708,"column":10}},"293":{"start":{"line":709,"column":4},"end":{"line":713,"column":5}},"294":{"start":{"line":710,"column":8},"end":{"line":710,"column":53}},"295":{"start":{"line":711,"column":8},"end":{"line":711,"column":29}},"296":{"start":{"line":712,"column":8},"end":{"line":712,"column":26}},"297":{"start":{"line":714,"column":4},"end":{"line":714,"column":22}},"298":{"start":{"line":717,"column":0},"end":{"line":726,"column":2}},"299":{"start":{"line":740,"column":0},"end":{"line":803,"column":1}},"300":{"start":{"line":741,"column":1},"end":{"line":741,"column":17}},"301":{"start":{"line":742,"column":1},"end":{"line":801,"column":2}},"302":{"start":{"line":743,"column":2},"end":{"line":743,"column":21}},"303":{"start":{"line":746,"column":2},"end":{"line":800,"column":3}},"304":{"start":{"line":747,"column":3},"end":{"line":754,"column":6}},"305":{"start":{"line":748,"column":4},"end":{"line":753,"column":5}},"306":{"start":{"line":749,"column":5},"end":{"line":749,"column":33}},"307":{"start":{"line":752,"column":5},"end":{"line":752,"column":25}},"308":{"start":{"line":756,"column":7},"end":{"line":800,"column":3}},"309":{"start":{"line":757,"column":3},"end":{"line":757,"column":30}},"310":{"start":{"line":760,"column":3},"end":{"line":799,"column":4}},"311":{"start":{"line":761,"column":4},"end":{"line":776,"column":5}},"312":{"start":{"line":762,"column":5},"end":{"line":764,"column":7}},"313":{"start":{"line":763,"column":6},"end":{"line":763,"column":34}},"314":{"start":{"line":767,"column":5},"end":{"line":775,"column":6}},"315":{"start":{"line":768,"column":6},"end":{"line":768,"column":16}},"316":{"start":{"line":769,"column":6},"end":{"line":771,"column":8}},"317":{"start":{"line":770,"column":7},"end":{"line":770,"column":40}},"318":{"start":{"line":774,"column":6},"end":{"line":774,"column":38}},"319":{"start":{"line":779,"column":4},"end":{"line":798,"column":5}},"320":{"start":{"line":780,"column":5},"end":{"line":787,"column":6}},"321":{"start":{"line":781,"column":6},"end":{"line":783,"column":7}},"322":{"start":{"line":782,"column":7},"end":{"line":782,"column":44}},"323":{"start":{"line":786,"column":6},"end":{"line":786,"column":37}},"324":{"start":{"line":790,"column":5},"end":{"line":797,"column":6}},"325":{"start":{"line":791,"column":6},"end":{"line":793,"column":7}},"326":{"start":{"line":792,"column":7},"end":{"line":792,"column":36}},"327":{"start":{"line":796,"column":6},"end":{"line":796,"column":37}},"328":{"start":{"line":802,"column":1},"end":{"line":802,"column":13}},"329":{"start":{"line":810,"column":0},"end":{"line":857,"column":1}},"330":{"start":{"line":811,"column":4},"end":{"line":811,"column":13}},"331":{"start":{"line":812,"column":4},"end":{"line":855,"column":5}},"332":{"start":{"line":813,"column":8},"end":{"line":813,"column":27}},"333":{"start":{"line":816,"column":8},"end":{"line":830,"column":9}},"334":{"start":{"line":817,"column":12},"end":{"line":829,"column":13}},"335":{"start":{"line":818,"column":16},"end":{"line":820,"column":18}},"336":{"start":{"line":819,"column":20},"end":{"line":819,"column":34}},"337":{"start":{"line":821,"column":16},"end":{"line":821,"column":28}},"338":{"start":{"line":824,"column":16},"end":{"line":824,"column":25}},"339":{"start":{"line":825,"column":16},"end":{"line":827,"column":18}},"340":{"start":{"line":826,"column":20},"end":{"line":826,"column":30}},"341":{"start":{"line":828,"column":16},"end":{"line":828,"column":28}},"342":{"start":{"line":831,"column":8},"end":{"line":854,"column":9}},"343":{"start":{"line":832,"column":12},"end":{"line":832,"column":22}},"344":{"start":{"line":833,"column":12},"end":{"line":835,"column":15}},"345":{"start":{"line":834,"column":16},"end":{"line":834,"column":36}},"346":{"start":{"line":837,"column":13},"end":{"line":854,"column":9}},"347":{"start":{"line":838,"column":12},"end":{"line":838,"column":28}},"348":{"start":{"line":841,"column":12},"end":{"line":853,"column":13}},"349":{"start":{"line":842,"column":16},"end":{"line":842,"column":26}},"350":{"start":{"line":843,"column":16},"end":{"line":852,"column":17}},"351":{"start":{"line":844,"column":20},"end":{"line":846,"column":21}},"352":{"start":{"line":845,"column":24},"end":{"line":845,"column":57}},"353":{"start":{"line":849,"column":20},"end":{"line":851,"column":21}},"354":{"start":{"line":850,"column":24},"end":{"line":850,"column":53}},"355":{"start":{"line":856,"column":4},"end":{"line":856,"column":16}}},"branchMap":{"1":{"line":9,"type":"if","locations":[{"start":{"line":9,"column":11},"end":{"line":9,"column":11}},{"start":{"line":9,"column":11},"end":{"line":9,"column":11}}]},"2":{"line":41,"type":"if","locations":[{"start":{"line":41,"column":11},"end":{"line":41,"column":11}},{"start":{"line":41,"column":11},"end":{"line":41,"column":11}}]},"3":{"line":52,"type":"cond-expr","locations":[{"start":{"line":53,"column":12},"end":{"line":53,"column":63}},{"start":{"line":54,"column":12},"end":{"line":54,"column":58}}]},"4":{"line":52,"type":"binary-expr","locations":[{"start":{"line":52,"column":24},"end":{"line":52,"column":30}},{"start":{"line":52,"column":34},"end":{"line":52,"column":51}}]},"5":{"line":85,"type":"cond-expr","locations":[{"start":{"line":85,"column":38},"end":{"line":85,"column":43}},{"start":{"line":85,"column":47},"end":{"line":85,"column":74}}]},"6":{"line":101,"type":"cond-expr","locations":[{"start":{"line":101,"column":31},"end":{"line":101,"column":39}},{"start":{"line":101,"column":42},"end":{"line":101,"column":44}}]},"7":{"line":114,"type":"if","locations":[{"start":{"line":114,"column":2},"end":{"line":114,"column":2}},{"start":{"line":114,"column":2},"end":{"line":114,"column":2}}]},"8":{"line":136,"type":"if","locations":[{"start":{"line":136,"column":3},"end":{"line":136,"column":3}},{"start":{"line":136,"column":3},"end":{"line":136,"column":3}}]},"9":{"line":150,"type":"if","locations":[{"start":{"line":150,"column":2},"end":{"line":150,"column":2}},{"start":{"line":150,"column":2},"end":{"line":150,"column":2}}]},"10":{"line":150,"type":"binary-expr","locations":[{"start":{"line":150,"column":6},"end":{"line":150,"column":11}},{"start":{"line":150,"column":15},"end":{"line":150,"column":32}}]},"11":{"line":156,"type":"if","locations":[{"start":{"line":156,"column":3},"end":{"line":156,"column":3}},{"start":{"line":156,"column":3},"end":{"line":156,"column":3}}]},"12":{"line":157,"type":"if","locations":[{"start":{"line":157,"column":4},"end":{"line":157,"column":4}},{"start":{"line":157,"column":4},"end":{"line":157,"column":4}}]},"13":{"line":157,"type":"binary-expr","locations":[{"start":{"line":157,"column":8},"end":{"line":157,"column":30}},{"start":{"line":157,"column":34},"end":{"line":157,"column":56}}]},"14":{"line":162,"type":"if","locations":[{"start":{"line":162,"column":9},"end":{"line":162,"column":9}},{"start":{"line":162,"column":9},"end":{"line":162,"column":9}}]},"15":{"line":162,"type":"binary-expr","locations":[{"start":{"line":162,"column":13},"end":{"line":162,"column":35}},{"start":{"line":162,"column":39},"end":{"line":162,"column":61}}]},"16":{"line":166,"type":"if","locations":[{"start":{"line":166,"column":6},"end":{"line":166,"column":6}},{"start":{"line":166,"column":6},"end":{"line":166,"column":6}}]},"17":{"line":183,"type":"if","locations":[{"start":{"line":183,"column":5},"end":{"line":183,"column":5}},{"start":{"line":183,"column":5},"end":{"line":183,"column":5}}]},"18":{"line":241,"type":"if","locations":[{"start":{"line":241,"column":2},"end":{"line":241,"column":2}},{"start":{"line":241,"column":2},"end":{"line":241,"column":2}}]},"19":{"line":315,"type":"if","locations":[{"start":{"line":315,"column":247},"end":{"line":315,"column":247}},{"start":{"line":315,"column":247},"end":{"line":315,"column":247}}]},"20":{"line":315,"type":"binary-expr","locations":[{"start":{"line":315,"column":251},"end":{"line":315,"column":252}},{"start":{"line":315,"column":256},"end":{"line":315,"column":273}}]},"21":{"line":315,"type":"if","locations":[{"start":{"line":315,"column":339},"end":{"line":315,"column":339}},{"start":{"line":315,"column":339},"end":{"line":315,"column":339}}]},"22":{"line":315,"type":"binary-expr","locations":[{"start":{"line":315,"column":343},"end":{"line":315,"column":346}},{"start":{"line":315,"column":350},"end":{"line":315,"column":362}}]},"23":{"line":315,"type":"if","locations":[{"start":{"line":315,"column":392},"end":{"line":315,"column":392}},{"start":{"line":315,"column":392},"end":{"line":315,"column":392}}]},"24":{"line":315,"type":"if","locations":[{"start":{"line":315,"column":456},"end":{"line":315,"column":456}},{"start":{"line":315,"column":456},"end":{"line":315,"column":456}}]},"25":{"line":315,"type":"if","locations":[{"start":{"line":315,"column":501},"end":{"line":315,"column":501}},{"start":{"line":315,"column":501},"end":{"line":315,"column":501}}]},"26":{"line":317,"type":"binary-expr","locations":[{"start":{"line":317,"column":168},"end":{"line":317,"column":189}},{"start":{"line":317,"column":193},"end":{"line":317,"column":198}}]},"27":{"line":317,"type":"if","locations":[{"start":{"line":317,"column":232},"end":{"line":317,"column":232}},{"start":{"line":317,"column":232},"end":{"line":317,"column":232}}]},"28":{"line":317,"type":"if","locations":[{"start":{"line":317,"column":407},"end":{"line":317,"column":407}},{"start":{"line":317,"column":407},"end":{"line":317,"column":407}}]},"29":{"line":317,"type":"if","locations":[{"start":{"line":317,"column":476},"end":{"line":317,"column":476}},{"start":{"line":317,"column":476},"end":{"line":317,"column":476}}]},"30":{"line":319,"type":"if","locations":[{"start":{"line":319,"column":50},"end":{"line":319,"column":50}},{"start":{"line":319,"column":50},"end":{"line":319,"column":50}}]},"31":{"line":380,"type":"cond-expr","locations":[{"start":{"line":380,"column":40},"end":{"line":380,"column":43}},{"start":{"line":380,"column":46},"end":{"line":380,"column":55}}]},"32":{"line":382,"type":"cond-expr","locations":[{"start":{"line":382,"column":42},"end":{"line":382,"column":44}},{"start":{"line":382,"column":47},"end":{"line":382,"column":57}}]},"33":{"line":384,"type":"cond-expr","locations":[{"start":{"line":384,"column":34},"end":{"line":384,"column":35}},{"start":{"line":384,"column":38},"end":{"line":384,"column":44}}]},"34":{"line":386,"type":"cond-expr","locations":[{"start":{"line":386,"column":46},"end":{"line":386,"column":64}},{"start":{"line":386,"column":67},"end":{"line":386,"column":79}}]},"35":{"line":388,"type":"cond-expr","locations":[{"start":{"line":388,"column":48},"end":{"line":388,"column":61}},{"start":{"line":388,"column":64},"end":{"line":388,"column":77}}]},"36":{"line":496,"type":"cond-expr","locations":[{"start":{"line":496,"column":37},"end":{"line":496,"column":46}},{"start":{"line":496,"column":49},"end":{"line":496,"column":61}}]},"37":{"line":576,"type":"if","locations":[{"start":{"line":576,"column":1},"end":{"line":576,"column":1}},{"start":{"line":576,"column":1},"end":{"line":576,"column":1}}]},"38":{"line":658,"type":"cond-expr","locations":[{"start":{"line":658,"column":74},"end":{"line":658,"column":86}},{"start":{"line":658,"column":89},"end":{"line":658,"column":90}}]},"39":{"line":658,"type":"binary-expr","locations":[{"start":{"line":658,"column":21},"end":{"line":658,"column":41}},{"start":{"line":658,"column":45},"end":{"line":658,"column":71}}]},"40":{"line":661,"type":"if","locations":[{"start":{"line":661,"column":4},"end":{"line":661,"column":4}},{"start":{"line":661,"column":4},"end":{"line":661,"column":4}}]},"41":{"line":662,"type":"if","locations":[{"start":{"line":662,"column":8},"end":{"line":662,"column":8}},{"start":{"line":662,"column":8},"end":{"line":662,"column":8}}]},"42":{"line":669,"type":"if","locations":[{"start":{"line":669,"column":8},"end":{"line":669,"column":8}},{"start":{"line":669,"column":8},"end":{"line":669,"column":8}}]},"43":{"line":742,"type":"if","locations":[{"start":{"line":742,"column":1},"end":{"line":742,"column":1}},{"start":{"line":742,"column":1},"end":{"line":742,"column":1}}]},"44":{"line":742,"type":"binary-expr","locations":[{"start":{"line":742,"column":5},"end":{"line":742,"column":25}},{"start":{"line":742,"column":29},"end":{"line":742,"column":49}}]},"45":{"line":746,"type":"if","locations":[{"start":{"line":746,"column":2},"end":{"line":746,"column":2}},{"start":{"line":746,"column":2},"end":{"line":746,"column":2}}]},"46":{"line":746,"type":"binary-expr","locations":[{"start":{"line":746,"column":6},"end":{"line":746,"column":25}},{"start":{"line":746,"column":29},"end":{"line":746,"column":49}}]},"47":{"line":748,"type":"if","locations":[{"start":{"line":748,"column":4},"end":{"line":748,"column":4}},{"start":{"line":748,"column":4},"end":{"line":748,"column":4}}]},"48":{"line":756,"type":"if","locations":[{"start":{"line":756,"column":7},"end":{"line":756,"column":7}},{"start":{"line":756,"column":7},"end":{"line":756,"column":7}}]},"49":{"line":756,"type":"binary-expr","locations":[{"start":{"line":756,"column":11},"end":{"line":756,"column":31}},{"start":{"line":756,"column":35},"end":{"line":756,"column":54}}]},"50":{"line":760,"type":"if","locations":[{"start":{"line":760,"column":3},"end":{"line":760,"column":3}},{"start":{"line":760,"column":3},"end":{"line":760,"column":3}}]},"51":{"line":760,"type":"binary-expr","locations":[{"start":{"line":760,"column":7},"end":{"line":760,"column":29}},{"start":{"line":760,"column":33},"end":{"line":760,"column":56}}]},"52":{"line":761,"type":"if","locations":[{"start":{"line":761,"column":4},"end":{"line":761,"column":4}},{"start":{"line":761,"column":4},"end":{"line":761,"column":4}}]},"53":{"line":767,"type":"if","locations":[{"start":{"line":767,"column":5},"end":{"line":767,"column":5}},{"start":{"line":767,"column":5},"end":{"line":767,"column":5}}]},"54":{"line":779,"type":"if","locations":[{"start":{"line":779,"column":4},"end":{"line":779,"column":4}},{"start":{"line":779,"column":4},"end":{"line":779,"column":4}}]},"55":{"line":779,"type":"binary-expr","locations":[{"start":{"line":779,"column":8},"end":{"line":779,"column":30}},{"start":{"line":779,"column":34},"end":{"line":779,"column":56}}]},"56":{"line":780,"type":"if","locations":[{"start":{"line":780,"column":5},"end":{"line":780,"column":5}},{"start":{"line":780,"column":5},"end":{"line":780,"column":5}}]},"57":{"line":790,"type":"if","locations":[{"start":{"line":790,"column":5},"end":{"line":790,"column":5}},{"start":{"line":790,"column":5},"end":{"line":790,"column":5}}]},"58":{"line":812,"type":"if","locations":[{"start":{"line":812,"column":4},"end":{"line":812,"column":4}},{"start":{"line":812,"column":4},"end":{"line":812,"column":4}}]},"59":{"line":812,"type":"binary-expr","locations":[{"start":{"line":812,"column":8},"end":{"line":812,"column":28}},{"start":{"line":812,"column":32},"end":{"line":812,"column":52}}]},"60":{"line":816,"type":"if","locations":[{"start":{"line":816,"column":8},"end":{"line":816,"column":8}},{"start":{"line":816,"column":8},"end":{"line":816,"column":8}}]},"61":{"line":817,"type":"if","locations":[{"start":{"line":817,"column":12},"end":{"line":817,"column":12}},{"start":{"line":817,"column":12},"end":{"line":817,"column":12}}]},"62":{"line":831,"type":"if","locations":[{"start":{"line":831,"column":8},"end":{"line":831,"column":8}},{"start":{"line":831,"column":8},"end":{"line":831,"column":8}}]},"63":{"line":831,"type":"binary-expr","locations":[{"start":{"line":831,"column":12},"end":{"line":831,"column":31}},{"start":{"line":831,"column":35},"end":{"line":831,"column":55}}]},"64":{"line":837,"type":"if","locations":[{"start":{"line":837,"column":13},"end":{"line":837,"column":13}},{"start":{"line":837,"column":13},"end":{"line":837,"column":13}}]},"65":{"line":837,"type":"binary-expr","locations":[{"start":{"line":837,"column":17},"end":{"line":837,"column":36}},{"start":{"line":837,"column":40},"end":{"line":837,"column":60}}]},"66":{"line":841,"type":"if","locations":[{"start":{"line":841,"column":12},"end":{"line":841,"column":12}},{"start":{"line":841,"column":12},"end":{"line":841,"column":12}}]},"67":{"line":843,"type":"if","locations":[{"start":{"line":843,"column":16},"end":{"line":843,"column":16}},{"start":{"line":843,"column":16},"end":{"line":843,"column":16}}]},"68":{"line":843,"type":"binary-expr","locations":[{"start":{"line":843,"column":20},"end":{"line":843,"column":42}},{"start":{"line":843,"column":46},"end":{"line":843,"column":68}}]}}}}