TN:
SF:D:\Jbrain\build\build.js
FN:1,(anonymous_1)
FN:6,__webpack_require__
FN:37,(anonymous_3)
FN:40,(anonymous_4)
FN:51,(anonymous_5)
FN:53,getDefault
FN:54,getModuleExports
FN:60,(anonymous_8)
FN:71,(anonymous_9)
FN:83,(anonymous_10)
FN:94,(anonymous_11)
FN:99,(anonymous_12)
FN:113,(anonymous_13)
FN:134,(anonymous_14)
FN:147,(anonymous_15)
FN:199,(anonymous_16)
FN:203,(anonymous_17)
FN:215,(anonymous_18)
FN:225,(anonymous_19)
FN:240,(anonymous_20)
FN:255,(anonymous_21)
FN:265,(anonymous_22)
FN:282,(anonymous_23)
FN:307,(anonymous_24)
FN:312,(anonymous_25)
FN:312,sliceIterator
FN:312,(anonymous_27)
FN:314,(anonymous_28)
FN:314,defineProperties
FN:314,(anonymous_30)
FN:316,_classCallCheck
FN:353,(anonymous_32)
FN:354,Network
FN:373,fit
FN:400,feed_forward
FN:421,SGD
FN:465,backprop
FN:485,(anonymous_38)
FN:495,(anonymous_39)
FN:517,predict
FN:523,evaluate
FN:535,(anonymous_42)
FN:550,(anonymous_43)
FN:567,(anonymous_44)
FN:572,sigmoid
FN:577,(anonymous_46)
FN:589,(anonymous_47)
FN:594,(anonymous_48)
FN:600,(anonymous_49)
FN:619,(anonymous_50)
FN:626,(anonymous_51)
FN:633,(anonymous_52)
FN:640,(anonymous_53)
FN:654,lyr
FN:678,weighted_input
FN:688,cost_grad
FN:698,sigma_dash
FN:702,shuffle
FN:727,(anonymous_59)
FN:737,product
FN:805,(anonymous_61)
FN:807,sum
FNF:62
FNH:21
FNDA:1,(anonymous_1)
FNDA:15,__webpack_require__
FNDA:0,(anonymous_3)
FNDA:0,(anonymous_4)
FNDA:0,(anonymous_5)
FNDA:0,getDefault
FNDA:0,getModuleExports
FNDA:0,(anonymous_8)
FNDA:1,(anonymous_9)
FNDA:0,(anonymous_10)
FNDA:0,(anonymous_11)
FNDA:0,(anonymous_12)
FNDA:0,(anonymous_13)
FNDA:0,(anonymous_14)
FNDA:0,(anonymous_15)
FNDA:0,(anonymous_16)
FNDA:0,(anonymous_17)
FNDA:0,(anonymous_18)
FNDA:0,(anonymous_19)
FNDA:0,(anonymous_20)
FNDA:0,(anonymous_21)
FNDA:0,(anonymous_22)
FNDA:1,(anonymous_23)
FNDA:1,(anonymous_24)
FNDA:1,(anonymous_25)
FNDA:0,sliceIterator
FNDA:0,(anonymous_27)
FNDA:1,(anonymous_28)
FNDA:1,defineProperties
FNDA:1,(anonymous_30)
FNDA:0,_classCallCheck
FNDA:1,(anonymous_32)
FNDA:0,Network
FNDA:0,fit
FNDA:0,feed_forward
FNDA:0,SGD
FNDA:0,backprop
FNDA:0,(anonymous_38)
FNDA:0,(anonymous_39)
FNDA:0,predict
FNDA:0,evaluate
FNDA:1,(anonymous_42)
FNDA:1,(anonymous_43)
FNDA:1,(anonymous_44)
FNDA:0,sigmoid
FNDA:0,(anonymous_46)
FNDA:1,(anonymous_47)
FNDA:0,(anonymous_48)
FNDA:1,(anonymous_49)
FNDA:1,(anonymous_50)
FNDA:1,(anonymous_51)
FNDA:1,(anonymous_52)
FNDA:1,(anonymous_53)
FNDA:0,lyr
FNDA:0,weighted_input
FNDA:0,cost_grad
FNDA:0,sigma_dash
FNDA:0,shuffle
FNDA:1,(anonymous_59)
FNDA:0,product
FNDA:1,(anonymous_61)
FNDA:0,sum
DA:1,1
DA:3,1
DA:6,1
DA:9,15
DA:10,1
DA:13,14
DA:20,14
DA:23,12
DA:26,12
DA:31,1
DA:34,1
DA:37,1
DA:40,1
DA:41,0
DA:42,0
DA:51,1
DA:52,0
DA:53,0
DA:54,0
DA:55,0
DA:56,0
DA:60,1
DA:63,1
DA:66,1
DA:78,1
DA:79,1
DA:84,0
DA:85,0
DA:86,0
DA:87,0
DA:88,0
DA:89,0
DA:95,0
DA:100,0
DA:101,0
DA:102,0
DA:103,0
DA:104,0
DA:105,0
DA:107,0
DA:109,0
DA:114,0
DA:115,0
DA:116,0
DA:117,0
DA:119,0
DA:120,0
DA:121,0
DA:124,0
DA:135,0
DA:136,0
DA:137,0
DA:140,0
DA:148,0
DA:149,0
DA:150,0
DA:151,0
DA:152,0
DA:156,0
DA:157,0
DA:158,0
DA:159,0
DA:162,0
DA:163,0
DA:164,0
DA:165,0
DA:166,0
DA:167,0
DA:172,0
DA:173,0
DA:178,0
DA:181,0
DA:182,0
DA:183,0
DA:184,0
DA:189,0
DA:200,0
DA:204,0
DA:205,0
DA:206,0
DA:207,0
DA:208,0
DA:209,0
DA:211,0
DA:216,0
DA:217,0
DA:218,0
DA:220,0
DA:226,0
DA:227,0
DA:229,0
DA:230,0
DA:231,0
DA:232,0
DA:234,0
DA:235,0
DA:236,0
DA:241,0
DA:243,0
DA:244,0
DA:245,0
DA:246,0
DA:247,0
DA:250,0
DA:256,0
DA:257,0
DA:258,0
DA:259,0
DA:260,0
DA:261,0
DA:273,1
DA:292,1
DA:298,0
DA:312,1
DA:314,6
DA:316,1
DA:331,1
DA:339,1
DA:340,1
DA:342,1
DA:353,1
DA:354,1
DA:355,0
DA:357,0
DA:358,0
DA:359,0
DA:360,0
DA:363,0
DA:364,0
DA:365,0
DA:371,1
DA:374,0
DA:387,0
DA:388,0
DA:389,0
DA:390,0
DA:392,0
DA:401,0
DA:402,0
DA:403,0
DA:404,0
DA:405,0
DA:406,0
DA:407,0
DA:408,0
DA:411,0
DA:422,0
DA:423,0
DA:427,0
DA:428,0
DA:430,0
DA:432,0
DA:433,0
DA:435,0
DA:437,0
DA:439,0
DA:441,0
DA:442,0
DA:443,0
DA:444,0
DA:445,0
DA:450,0
DA:451,0
DA:452,0
DA:455,0
DA:466,0
DA:468,0
DA:469,0
DA:470,0
DA:473,0
DA:477,0
DA:479,0
DA:481,0
DA:482,0
DA:484,0
DA:485,0
DA:486,0
DA:489,0
DA:492,0
DA:493,0
DA:494,0
DA:495,0
DA:496,0
DA:498,0
DA:501,0
DA:505,0
DA:507,0
DA:508,0
DA:509,0
DA:510,0
DA:513,0
DA:518,0
DA:519,0
DA:524,0
DA:528,1
DA:531,1
DA:540,1
DA:542,0
DA:543,0
DA:545,0
DA:546,0
DA:555,1
DA:556,1
DA:558,1
DA:563,1
DA:572,1
DA:573,0
DA:574,0
DA:576,0
DA:577,0
DA:578,0
DA:581,0
DA:585,1
DA:594,1
DA:605,1
DA:606,1
DA:607,1
DA:609,1
DA:615,1
DA:645,1
DA:654,1
DA:655,0
DA:657,0
DA:658,0
DA:659,0
DA:660,0
DA:661,0
DA:663,0
DA:666,0
DA:667,0
DA:668,0
DA:670,0
DA:673,0
DA:678,1
DA:679,0
DA:680,0
DA:681,0
DA:682,0
DA:683,0
DA:688,1
DA:689,0
DA:690,0
DA:692,0
DA:693,0
DA:698,1
DA:699,0
DA:702,1
DA:703,0
DA:705,0
DA:706,0
DA:707,0
DA:708,0
DA:709,0
DA:711,0
DA:714,1
DA:737,1
DA:738,0
DA:739,0
DA:740,0
DA:743,0
DA:744,0
DA:745,0
DA:746,0
DA:749,0
DA:753,0
DA:754,0
DA:757,0
DA:758,0
DA:759,0
DA:760,0
DA:764,0
DA:765,0
DA:766,0
DA:767,0
DA:771,0
DA:776,0
DA:777,0
DA:778,0
DA:779,0
DA:783,0
DA:787,0
DA:788,0
DA:789,0
DA:793,0
DA:799,0
DA:807,1
DA:808,0
DA:809,0
DA:810,0
DA:813,0
DA:814,0
DA:815,0
DA:816,0
DA:818,0
DA:821,0
DA:822,0
DA:823,0
DA:825,0
DA:828,0
DA:829,0
DA:830,0
DA:831,0
DA:834,0
DA:835,0
DA:838,0
DA:839,0
DA:840,0
DA:841,0
DA:842,0
DA:846,0
DA:847,0
DA:853,0
LF:312
LH:55
BRDA:9,1,0,1
BRDA:9,1,1,14
BRDA:41,2,0,0
BRDA:41,2,1,0
BRDA:52,3,0,0
BRDA:52,3,1,0
BRDA:52,4,0,0
BRDA:52,4,1,0
BRDA:85,5,0,0
BRDA:85,5,1,0
BRDA:101,6,0,0
BRDA:101,6,1,0
BRDA:114,7,0,0
BRDA:114,7,1,0
BRDA:136,8,0,0
BRDA:136,8,1,0
BRDA:150,9,0,0
BRDA:150,9,1,0
BRDA:150,10,0,0
BRDA:150,10,1,0
BRDA:156,11,0,0
BRDA:156,11,1,0
BRDA:157,12,0,0
BRDA:157,12,1,0
BRDA:157,13,0,0
BRDA:157,13,1,0
BRDA:162,14,0,0
BRDA:162,14,1,0
BRDA:162,15,0,0
BRDA:162,15,1,0
BRDA:166,16,0,0
BRDA:166,16,1,0
BRDA:183,17,0,0
BRDA:183,17,1,0
BRDA:241,18,0,0
BRDA:241,18,1,0
BRDA:312,19,0,0
BRDA:312,19,1,0
BRDA:312,20,0,0
BRDA:312,20,1,0
BRDA:312,21,0,0
BRDA:312,21,1,0
BRDA:312,22,0,0
BRDA:312,22,1,0
BRDA:312,23,0,0
BRDA:312,23,1,0
BRDA:312,24,0,0
BRDA:312,24,1,0
BRDA:312,25,0,0
BRDA:312,25,1,0
BRDA:314,26,0,6
BRDA:314,26,1,6
BRDA:314,27,0,6
BRDA:314,27,1,0
BRDA:314,28,0,1
BRDA:314,28,1,0
BRDA:314,29,0,0
BRDA:314,29,1,1
BRDA:316,30,0,0
BRDA:316,30,1,0
BRDA:377,31,0,0
BRDA:377,31,1,0
BRDA:379,32,0,0
BRDA:379,32,1,0
BRDA:381,33,0,0
BRDA:381,33,1,0
BRDA:383,34,0,0
BRDA:383,34,1,0
BRDA:385,35,0,0
BRDA:385,35,1,0
BRDA:493,36,0,0
BRDA:493,36,1,0
BRDA:573,37,0,0
BRDA:573,37,1,0
BRDA:655,38,0,0
BRDA:655,38,1,0
BRDA:655,39,0,0
BRDA:655,39,1,0
BRDA:658,40,0,0
BRDA:658,40,1,0
BRDA:659,41,0,0
BRDA:659,41,1,0
BRDA:666,42,0,0
BRDA:666,42,1,0
BRDA:739,43,0,0
BRDA:739,43,1,0
BRDA:739,44,0,0
BRDA:739,44,1,0
BRDA:743,45,0,0
BRDA:743,45,1,0
BRDA:743,46,0,0
BRDA:743,46,1,0
BRDA:745,47,0,0
BRDA:745,47,1,0
BRDA:753,48,0,0
BRDA:753,48,1,0
BRDA:753,49,0,0
BRDA:753,49,1,0
BRDA:757,50,0,0
BRDA:757,50,1,0
BRDA:757,51,0,0
BRDA:757,51,1,0
BRDA:758,52,0,0
BRDA:758,52,1,0
BRDA:764,53,0,0
BRDA:764,53,1,0
BRDA:776,54,0,0
BRDA:776,54,1,0
BRDA:776,55,0,0
BRDA:776,55,1,0
BRDA:777,56,0,0
BRDA:777,56,1,0
BRDA:787,57,0,0
BRDA:787,57,1,0
BRDA:809,58,0,0
BRDA:809,58,1,0
BRDA:809,59,0,0
BRDA:809,59,1,0
BRDA:813,60,0,0
BRDA:813,60,1,0
BRDA:814,61,0,0
BRDA:814,61,1,0
BRDA:828,62,0,0
BRDA:828,62,1,0
BRDA:828,63,0,0
BRDA:828,63,1,0
BRDA:834,64,0,0
BRDA:834,64,1,0
BRDA:834,65,0,0
BRDA:834,65,1,0
BRDA:838,66,0,0
BRDA:838,66,1,0
BRDA:840,67,0,0
BRDA:840,67,1,0
BRDA:840,68,0,0
BRDA:840,68,1,0
BRF:136
BRH:7
end_of_record
