TN:
SF:D:\Jbrain\build\build.js
FN:1,(anonymous_1)
FN:6,__webpack_require__
FN:37,(anonymous_3)
FN:40,(anonymous_4)
FN:51,(anonymous_5)
FN:53,getDefault
FN:54,getModuleExports
FN:60,(anonymous_8)
FN:71,(anonymous_9)
FN:83,(anonymous_10)
FN:94,(anonymous_11)
FN:99,(anonymous_12)
FN:113,(anonymous_13)
FN:134,(anonymous_14)
FN:147,(anonymous_15)
FN:199,(anonymous_16)
FN:203,(anonymous_17)
FN:215,(anonymous_18)
FN:225,(anonymous_19)
FN:240,(anonymous_20)
FN:255,(anonymous_21)
FN:265,(anonymous_22)
FN:282,(anonymous_23)
FN:310,(anonymous_24)
FN:315,(anonymous_25)
FN:315,sliceIterator
FN:315,(anonymous_27)
FN:317,(anonymous_28)
FN:317,defineProperties
FN:317,(anonymous_30)
FN:319,_classCallCheck
FN:356,(anonymous_32)
FN:357,Network
FN:376,fit
FN:403,feed_forward
FN:424,SGD
FN:468,backprop
FN:488,(anonymous_38)
FN:498,(anonymous_39)
FN:520,predict
FN:526,evaluate
FN:538,(anonymous_42)
FN:553,(anonymous_43)
FN:570,(anonymous_44)
FN:575,sigmoid
FN:580,(anonymous_46)
FN:592,(anonymous_47)
FN:597,(anonymous_48)
FN:603,(anonymous_49)
FN:622,(anonymous_50)
FN:629,(anonymous_51)
FN:636,(anonymous_52)
FN:643,(anonymous_53)
FN:657,lyr
FN:681,weighted_input
FN:691,cost_grad
FN:701,sigma_dash
FN:705,shuffle
FN:730,(anonymous_59)
FN:740,product
FN:808,(anonymous_61)
FN:810,sum
FNF:62
FNH:21
FNDA:1,(anonymous_1)
FNDA:15,__webpack_require__
FNDA:0,(anonymous_3)
FNDA:0,(anonymous_4)
FNDA:0,(anonymous_5)
FNDA:0,getDefault
FNDA:0,getModuleExports
FNDA:0,(anonymous_8)
FNDA:1,(anonymous_9)
FNDA:0,(anonymous_10)
FNDA:0,(anonymous_11)
FNDA:0,(anonymous_12)
FNDA:0,(anonymous_13)
FNDA:0,(anonymous_14)
FNDA:0,(anonymous_15)
FNDA:0,(anonymous_16)
FNDA:0,(anonymous_17)
FNDA:0,(anonymous_18)
FNDA:0,(anonymous_19)
FNDA:0,(anonymous_20)
FNDA:0,(anonymous_21)
FNDA:0,(anonymous_22)
FNDA:1,(anonymous_23)
FNDA:1,(anonymous_24)
FNDA:1,(anonymous_25)
FNDA:0,sliceIterator
FNDA:0,(anonymous_27)
FNDA:1,(anonymous_28)
FNDA:1,defineProperties
FNDA:1,(anonymous_30)
FNDA:0,_classCallCheck
FNDA:1,(anonymous_32)
FNDA:0,Network
FNDA:0,fit
FNDA:0,feed_forward
FNDA:0,SGD
FNDA:0,backprop
FNDA:0,(anonymous_38)
FNDA:0,(anonymous_39)
FNDA:0,predict
FNDA:0,evaluate
FNDA:1,(anonymous_42)
FNDA:1,(anonymous_43)
FNDA:1,(anonymous_44)
FNDA:0,sigmoid
FNDA:0,(anonymous_46)
FNDA:1,(anonymous_47)
FNDA:0,(anonymous_48)
FNDA:1,(anonymous_49)
FNDA:1,(anonymous_50)
FNDA:1,(anonymous_51)
FNDA:1,(anonymous_52)
FNDA:1,(anonymous_53)
FNDA:0,lyr
FNDA:0,weighted_input
FNDA:0,cost_grad
FNDA:0,sigma_dash
FNDA:0,shuffle
FNDA:1,(anonymous_59)
FNDA:0,product
FNDA:1,(anonymous_61)
FNDA:0,sum
DA:1,1
DA:3,1
DA:6,1
DA:9,15
DA:10,1
DA:13,14
DA:20,14
DA:23,12
DA:26,12
DA:31,1
DA:34,1
DA:37,1
DA:40,1
DA:41,0
DA:42,0
DA:51,1
DA:52,0
DA:53,0
DA:54,0
DA:55,0
DA:56,0
DA:60,1
DA:63,1
DA:66,1
DA:78,1
DA:79,1
DA:84,0
DA:85,0
DA:86,0
DA:87,0
DA:88,0
DA:89,0
DA:95,0
DA:100,0
DA:101,0
DA:102,0
DA:103,0
DA:104,0
DA:105,0
DA:107,0
DA:109,0
DA:114,0
DA:115,0
DA:116,0
DA:117,0
DA:119,0
DA:120,0
DA:121,0
DA:124,0
DA:135,0
DA:136,0
DA:137,0
DA:140,0
DA:148,0
DA:149,0
DA:150,0
DA:151,0
DA:152,0
DA:156,0
DA:157,0
DA:158,0
DA:159,0
DA:162,0
DA:163,0
DA:164,0
DA:165,0
DA:166,0
DA:167,0
DA:172,0
DA:173,0
DA:178,0
DA:181,0
DA:182,0
DA:183,0
DA:184,0
DA:189,0
DA:200,0
DA:204,0
DA:205,0
DA:206,0
DA:207,0
DA:208,0
DA:209,0
DA:211,0
DA:216,0
DA:217,0
DA:218,0
DA:220,0
DA:226,0
DA:227,0
DA:229,0
DA:230,0
DA:231,0
DA:232,0
DA:234,0
DA:235,0
DA:236,0
DA:241,0
DA:243,0
DA:244,0
DA:245,0
DA:246,0
DA:247,0
DA:250,0
DA:256,0
DA:257,0
DA:258,0
DA:259,0
DA:260,0
DA:261,0
DA:273,1
DA:292,1
DA:297,0
DA:304,0
DA:315,1
DA:317,6
DA:319,1
DA:334,1
DA:342,1
DA:343,1
DA:345,1
DA:356,1
DA:357,1
DA:358,0
DA:360,0
DA:361,0
DA:362,0
DA:363,0
DA:366,0
DA:367,0
DA:368,0
DA:374,1
DA:377,0
DA:390,0
DA:391,0
DA:392,0
DA:393,0
DA:395,0
DA:404,0
DA:405,0
DA:406,0
DA:407,0
DA:408,0
DA:409,0
DA:410,0
DA:411,0
DA:414,0
DA:425,0
DA:426,0
DA:430,0
DA:431,0
DA:433,0
DA:435,0
DA:436,0
DA:438,0
DA:440,0
DA:442,0
DA:444,0
DA:445,0
DA:446,0
DA:447,0
DA:448,0
DA:453,0
DA:454,0
DA:455,0
DA:458,0
DA:469,0
DA:471,0
DA:472,0
DA:473,0
DA:476,0
DA:480,0
DA:482,0
DA:484,0
DA:485,0
DA:487,0
DA:488,0
DA:489,0
DA:492,0
DA:495,0
DA:496,0
DA:497,0
DA:498,0
DA:499,0
DA:501,0
DA:504,0
DA:508,0
DA:510,0
DA:511,0
DA:512,0
DA:513,0
DA:516,0
DA:521,0
DA:522,0
DA:527,0
DA:531,1
DA:534,1
DA:543,1
DA:545,0
DA:546,0
DA:548,0
DA:549,0
DA:558,1
DA:559,1
DA:561,1
DA:566,1
DA:575,1
DA:576,0
DA:577,0
DA:579,0
DA:580,0
DA:581,0
DA:584,0
DA:588,1
DA:597,1
DA:608,1
DA:609,1
DA:610,1
DA:612,1
DA:618,1
DA:648,1
DA:657,1
DA:658,0
DA:660,0
DA:661,0
DA:662,0
DA:663,0
DA:664,0
DA:666,0
DA:669,0
DA:670,0
DA:671,0
DA:673,0
DA:676,0
DA:681,1
DA:682,0
DA:683,0
DA:684,0
DA:685,0
DA:686,0
DA:691,1
DA:692,0
DA:693,0
DA:695,0
DA:696,0
DA:701,1
DA:702,0
DA:705,1
DA:706,0
DA:708,0
DA:709,0
DA:710,0
DA:711,0
DA:712,0
DA:714,0
DA:717,1
DA:740,1
DA:741,0
DA:742,0
DA:743,0
DA:746,0
DA:747,0
DA:748,0
DA:749,0
DA:752,0
DA:756,0
DA:757,0
DA:760,0
DA:761,0
DA:762,0
DA:763,0
DA:767,0
DA:768,0
DA:769,0
DA:770,0
DA:774,0
DA:779,0
DA:780,0
DA:781,0
DA:782,0
DA:786,0
DA:790,0
DA:791,0
DA:792,0
DA:796,0
DA:802,0
DA:810,1
DA:811,0
DA:812,0
DA:813,0
DA:816,0
DA:817,0
DA:818,0
DA:819,0
DA:821,0
DA:824,0
DA:825,0
DA:826,0
DA:828,0
DA:831,0
DA:832,0
DA:833,0
DA:834,0
DA:837,0
DA:838,0
DA:841,0
DA:842,0
DA:843,0
DA:844,0
DA:845,0
DA:849,0
DA:850,0
DA:856,0
LF:313
LH:55
BRDA:9,1,0,1
BRDA:9,1,1,14
BRDA:41,2,0,0
BRDA:41,2,1,0
BRDA:52,3,0,0
BRDA:52,3,1,0
BRDA:52,4,0,0
BRDA:52,4,1,0
BRDA:85,5,0,0
BRDA:85,5,1,0
BRDA:101,6,0,0
BRDA:101,6,1,0
BRDA:114,7,0,0
BRDA:114,7,1,0
BRDA:136,8,0,0
BRDA:136,8,1,0
BRDA:150,9,0,0
BRDA:150,9,1,0
BRDA:150,10,0,0
BRDA:150,10,1,0
BRDA:156,11,0,0
BRDA:156,11,1,0
BRDA:157,12,0,0
BRDA:157,12,1,0
BRDA:157,13,0,0
BRDA:157,13,1,0
BRDA:162,14,0,0
BRDA:162,14,1,0
BRDA:162,15,0,0
BRDA:162,15,1,0
BRDA:166,16,0,0
BRDA:166,16,1,0
BRDA:183,17,0,0
BRDA:183,17,1,0
BRDA:241,18,0,0
BRDA:241,18,1,0
BRDA:315,19,0,0
BRDA:315,19,1,0
BRDA:315,20,0,0
BRDA:315,20,1,0
BRDA:315,21,0,0
BRDA:315,21,1,0
BRDA:315,22,0,0
BRDA:315,22,1,0
BRDA:315,23,0,0
BRDA:315,23,1,0
BRDA:315,24,0,0
BRDA:315,24,1,0
BRDA:315,25,0,0
BRDA:315,25,1,0
BRDA:317,26,0,6
BRDA:317,26,1,6
BRDA:317,27,0,6
BRDA:317,27,1,0
BRDA:317,28,0,1
BRDA:317,28,1,0
BRDA:317,29,0,0
BRDA:317,29,1,1
BRDA:319,30,0,0
BRDA:319,30,1,0
BRDA:380,31,0,0
BRDA:380,31,1,0
BRDA:382,32,0,0
BRDA:382,32,1,0
BRDA:384,33,0,0
BRDA:384,33,1,0
BRDA:386,34,0,0
BRDA:386,34,1,0
BRDA:388,35,0,0
BRDA:388,35,1,0
BRDA:496,36,0,0
BRDA:496,36,1,0
BRDA:576,37,0,0
BRDA:576,37,1,0
BRDA:658,38,0,0
BRDA:658,38,1,0
BRDA:658,39,0,0
BRDA:658,39,1,0
BRDA:661,40,0,0
BRDA:661,40,1,0
BRDA:662,41,0,0
BRDA:662,41,1,0
BRDA:669,42,0,0
BRDA:669,42,1,0
BRDA:742,43,0,0
BRDA:742,43,1,0
BRDA:742,44,0,0
BRDA:742,44,1,0
BRDA:746,45,0,0
BRDA:746,45,1,0
BRDA:746,46,0,0
BRDA:746,46,1,0
BRDA:748,47,0,0
BRDA:748,47,1,0
BRDA:756,48,0,0
BRDA:756,48,1,0
BRDA:756,49,0,0
BRDA:756,49,1,0
BRDA:760,50,0,0
BRDA:760,50,1,0
BRDA:760,51,0,0
BRDA:760,51,1,0
BRDA:761,52,0,0
BRDA:761,52,1,0
BRDA:767,53,0,0
BRDA:767,53,1,0
BRDA:779,54,0,0
BRDA:779,54,1,0
BRDA:779,55,0,0
BRDA:779,55,1,0
BRDA:780,56,0,0
BRDA:780,56,1,0
BRDA:790,57,0,0
BRDA:790,57,1,0
BRDA:812,58,0,0
BRDA:812,58,1,0
BRDA:812,59,0,0
BRDA:812,59,1,0
BRDA:816,60,0,0
BRDA:816,60,1,0
BRDA:817,61,0,0
BRDA:817,61,1,0
BRDA:831,62,0,0
BRDA:831,62,1,0
BRDA:831,63,0,0
BRDA:831,63,1,0
BRDA:837,64,0,0
BRDA:837,64,1,0
BRDA:837,65,0,0
BRDA:837,65,1,0
BRDA:841,66,0,0
BRDA:841,66,1,0
BRDA:843,67,0,0
BRDA:843,67,1,0
BRDA:843,68,0,0
BRDA:843,68,1,0
BRF:136
BRH:7
end_of_record
